[0.060s] Invoking command in '/home/th1rt3en/doco/dev_full/src/workspace/doco_ugv/build/ugv_base_driver': CMAKE_PREFIX_PATH=/opt/ros/humble /usr/bin/cmake /home/th1rt3en/doco/dev_full/src/workspace/doco_ugv/src/ugv_base_driver -DCMAKE_INSTALL_PREFIX=/home/th1rt3en/doco/dev_full/src/workspace/doco_ugv/install/ugv_base_driver
[0.372s] -- The C compiler identification is GNU 11.4.0
[0.372s] -- The CXX compiler identification is GNU 11.4.0
[0.372s] -- Detecting C compiler ABI info
[0.379s] -- Detecting C compiler ABI info - done
[0.385s] -- Check for working C compiler: /usr/bin/cc - skipped
[0.385s] -- Detecting C compile features
[0.385s] -- Detecting C compile features - done
[0.389s] -- Detecting CXX compiler ABI info
[0.526s] -- Detecting CXX compiler ABI info - done
[0.535s] -- Check for working CXX compiler: /usr/bin/c++ - skipped
[0.535s] -- Detecting CXX compile features
[0.535s] -- Detecting CXX compile features - done
[0.537s] -- Found ament_cmake: 1.3.13 (/opt/ros/humble/share/ament_cmake/cmake)
[0.733s] -- Found Python3: /usr/bin/python3 (found version "3.10.12") found components: Interpreter 
[0.863s] -- Found rclcpp: 16.0.18 (/opt/ros/humble/share/rclcpp/cmake)
[0.911s] -- Found rosidl_generator_c: 3.1.8 (/opt/ros/humble/share/rosidl_generator_c/cmake)
[0.916s] -- Found rosidl_adapter: 3.1.8 (/opt/ros/humble/share/rosidl_adapter/cmake)
[0.927s] -- Found rosidl_generator_cpp: 3.1.8 (/opt/ros/humble/share/rosidl_generator_cpp/cmake)
[0.941s] -- Using all available rosidl_typesupport_c: rosidl_typesupport_fastrtps_c;rosidl_typesupport_introspection_c
[0.959s] -- Using all available rosidl_typesupport_cpp: rosidl_typesupport_fastrtps_cpp;rosidl_typesupport_introspection_cpp
[1.006s] -- Found rmw_implementation_cmake: 6.1.2 (/opt/ros/humble/share/rmw_implementation_cmake/cmake)
[1.011s] -- Found rmw_fastrtps_cpp: 6.2.10 (/opt/ros/humble/share/rmw_fastrtps_cpp/cmake)
[1.119s] -- Found OpenSSL: /usr/lib/x86_64-linux-gnu/libcrypto.so (found version "3.0.2")  
[1.166s] -- Found FastRTPS: /opt/ros/humble/include  
[1.214s] -- Using RMW implementation 'rmw_fastrtps_cpp' as default
[1.224s] -- Looking for pthread.h
[1.303s] -- Looking for pthread.h - found
[1.303s] -- Performing Test CMAKE_HAVE_LIBC_PTHREAD
[1.386s] -- Performing Test CMAKE_HAVE_LIBC_PTHREAD - Success
[1.387s] -- Found Threads: TRUE  
[1.442s] -- Found geometry_msgs: 4.9.1 (/opt/ros/humble/share/geometry_msgs/cmake)
[1.450s] -- Found nav_msgs: 4.9.1 (/opt/ros/humble/share/nav_msgs/cmake)
[1.463s] -- Found sensor_msgs: 4.9.1 (/opt/ros/humble/share/sensor_msgs/cmake)
[1.477s] -- Found tf2: 0.25.19 (/opt/ros/humble/share/tf2/cmake)
[1.489s] -- Found tf2_geometry_msgs: 0.25.19 (/opt/ros/humble/share/tf2_geometry_msgs/cmake)
[1.507s] -- Found eigen3_cmake_module: 0.1.1 (/opt/ros/humble/share/eigen3_cmake_module/cmake)
[1.508s] -- Found Eigen3: TRUE (found version "3.4.0") 
[1.508s] -- Ensuring Eigen3 include directory is part of orocos-kdl CMake target
[1.608s] CMake Error at CMakeLists.txt:17 (find_package):
[1.608s]   By not providing "Findserial_driver.cmake" in CMAKE_MODULE_PATH this
[1.608s]   project has asked CMake to find a package configuration file provided by
[1.608s]   "serial_driver", but CMake did not find one.
[1.608s] 
[1.608s]   Could not find a package configuration file provided by "serial_driver"
[1.608s]   with any of the following names:
[1.608s] 
[1.608s]     serial_driverConfig.cmake
[1.608s]     serial_driver-config.cmake
[1.608s] 
[1.608s]   Add the installation prefix of "serial_driver" to CMAKE_PREFIX_PATH or set
[1.608s]   "serial_driver_DIR" to a directory containing one of the above files.  If
[1.608s]   "serial_driver" provides a separate development package or SDK, be sure it
[1.608s]   has been installed.
[1.608s] 
[1.608s] 
[1.608s] -- Configuring incomplete, errors occurred!
[1.609s] See also "/home/th1rt3en/doco/dev_full/src/workspace/doco_ugv/build/ugv_base_driver/CMakeFiles/CMakeOutput.log".
