[0.348s] Invoking command in '/home/th1rt3en/doco/dev_full/src/workspace/doco_ugv/build/ugv_safety_watchdog': CMAKE_PREFIX_PATH=/opt/ros/humble /usr/bin/cmake /home/th1rt3en/doco/dev_full/src/workspace/doco_ugv/src/ugv_safety_watchdog -DCMAKE_INSTALL_PREFIX=/home/th1rt3en/doco/dev_full/src/workspace/doco_ugv/install/ugv_safety_watchdog
[0.433s] -- The C compiler identification is GNU 11.4.0
[0.523s] -- The CXX compiler identification is GNU 11.4.0
[0.530s] -- Detecting C compiler ABI info
[0.635s] -- Detecting C compiler ABI info - done
[0.641s] -- Check for working C compiler: /usr/bin/cc - skipped
[0.641s] -- Detecting C compile features
[0.642s] -- Detecting C compile features - done
[0.645s] -- Detecting CXX compiler ABI info
[0.764s] -- Detecting CXX compiler ABI info - done
[0.770s] -- Check for working CXX compiler: /usr/bin/c++ - skipped
[0.770s] -- Detecting CXX compile features
[0.771s] -- Detecting CXX compile features - done
[0.774s] -- Found ament_cmake: 1.3.13 (/opt/ros/humble/share/ament_cmake/cmake)
[0.946s] -- Found Python3: /usr/bin/python3 (found version "3.10.12") found components: Interpreter 
[1.036s] -- Found diagnostic_msgs: 4.9.1 (/opt/ros/humble/share/diagnostic_msgs/cmake)
[1.070s] -- Found rosidl_generator_c: 3.1.8 (/opt/ros/humble/share/rosidl_generator_c/cmake)
[1.074s] -- Found rosidl_adapter: 3.1.8 (/opt/ros/humble/share/rosidl_adapter/cmake)
[1.082s] -- Found rosidl_generator_cpp: 3.1.8 (/opt/ros/humble/share/rosidl_generator_cpp/cmake)
[1.094s] -- Using all available rosidl_typesupport_c: rosidl_typesupport_fastrtps_c;rosidl_typesupport_introspection_c
[1.108s] -- Using all available rosidl_typesupport_cpp: rosidl_typesupport_fastrtps_cpp;rosidl_typesupport_introspection_cpp
[1.163s] CMake Error at CMakeLists.txt:13 (find_package):
[1.163s]   By not providing "Finddiagnostic_updater.cmake" in CMAKE_MODULE_PATH this
[1.163s]   project has asked CMake to find a package configuration file provided by
[1.163s]   "diagnostic_updater", but CMake did not find one.
[1.163s] 
[1.163s]   Could not find a package configuration file provided by
[1.163s]   "diagnostic_updater" with any of the following names:
[1.163s] 
[1.163s]     diagnostic_updaterConfig.cmake
[1.163s]     diagnostic_updater-config.cmake
[1.163s] 
[1.163s]   Add the installation prefix of "diagnostic_updater" to CMAKE_PREFIX_PATH or
[1.163s]   set "diagnostic_updater_DIR" to a directory containing one of the above
[1.163s]   files.  If "diagnostic_updater" provides a separate development package or
[1.163s]   SDK, be sure it has been installed.
[1.163s] 
[1.164s] 
[1.164s] -- Configuring incomplete, errors occurred!
[1.164s] See also "/home/th1rt3en/doco/dev_full/src/workspace/doco_ugv/build/ugv_safety_watchdog/CMakeFiles/CMakeOutput.log".
[1.172s] Invoked command in '/home/th1rt3en/doco/dev_full/src/workspace/doco_ugv/build/ugv_safety_watchdog' returned '1': CMAKE_PREFIX_PATH=/opt/ros/humble /usr/bin/cmake /home/th1rt3en/doco/dev_full/src/workspace/doco_ugv/src/ugv_safety_watchdog -DCMAKE_INSTALL_PREFIX=/home/th1rt3en/doco/dev_full/src/workspace/doco_ugv/install/ugv_safety_watchdog
