[0.009s] Invoking command in '/home/th1rt3en/doco/dev_full/src/workspace/doco_ugv/build/ugv_base_driver': CMAKE_PREFIX_PATH=/opt/ros/humble /usr/bin/cmake /home/th1rt3en/doco/dev_full/src/workspace/doco_ugv/src/ugv_base_driver -DCMAKE_INSTALL_PREFIX=/home/th1rt3en/doco/dev_full/src/workspace/doco_ugv/install/ugv_base_driver
[0.020s] -- Found ament_cmake: 1.3.13 (/opt/ros/humble/share/ament_cmake/cmake)
[0.108s] -- Found rclcpp: 16.0.18 (/opt/ros/humble/share/rclcpp/cmake)
[0.127s] -- Found rosidl_generator_c: 3.1.8 (/opt/ros/humble/share/rosidl_generator_c/cmake)
[0.128s] -- Found rosidl_adapter: 3.1.8 (/opt/ros/humble/share/rosidl_adapter/cmake)
[0.131s] -- Found rosidl_generator_cpp: 3.1.8 (/opt/ros/humble/share/rosidl_generator_cpp/cmake)
[0.138s] -- Using all available rosidl_typesupport_c: rosidl_typesupport_fastrtps_c;rosidl_typesupport_introspection_c
[0.145s] -- Using all available rosidl_typesupport_cpp: rosidl_typesupport_fastrtps_cpp;rosidl_typesupport_introspection_cpp
[0.165s] -- Found rmw_implementation_cmake: 6.1.2 (/opt/ros/humble/share/rmw_implementation_cmake/cmake)
[0.166s] -- Found rmw_fastrtps_cpp: 6.2.10 (/opt/ros/humble/share/rmw_fastrtps_cpp/cmake)
[0.261s] -- Using RMW implementation 'rmw_fastrtps_cpp' as default
[0.292s] -- Found geometry_msgs: 4.9.1 (/opt/ros/humble/share/geometry_msgs/cmake)
[0.299s] -- Found nav_msgs: 4.9.1 (/opt/ros/humble/share/nav_msgs/cmake)
[0.310s] -- Found sensor_msgs: 4.9.1 (/opt/ros/humble/share/sensor_msgs/cmake)
[0.320s] -- Found tf2: 0.25.19 (/opt/ros/humble/share/tf2/cmake)
[0.322s] -- Found tf2_geometry_msgs: 0.25.19 (/opt/ros/humble/share/tf2_geometry_msgs/cmake)
[0.324s] -- Found eigen3_cmake_module: 0.1.1 (/opt/ros/humble/share/eigen3_cmake_module/cmake)
[0.325s] -- Ensuring Eigen3 include directory is part of orocos-kdl CMake target
[0.387s] CMake Error at CMakeLists.txt:17 (find_package):
[0.387s]   By not providing "Findserial_driver.cmake" in CMAKE_MODULE_PATH this
[0.387s]   project has asked CMake to find a package configuration file provided by
[0.387s]   "serial_driver", but CMake did not find one.
[0.387s] 
[0.387s]   Could not find a package configuration file provided by "serial_driver"
[0.387s]   with any of the following names:
[0.387s] 
[0.387s]     serial_driverConfig.cmake
[0.387s]     serial_driver-config.cmake
[0.387s] 
[0.387s]   Add the installation prefix of "serial_driver" to CMAKE_PREFIX_PATH or set
[0.387s]   "serial_driver_DIR" to a directory containing one of the above files.  If
[0.387s]   "serial_driver" provides a separate development package or SDK, be sure it
[0.387s]   has been installed.
[0.388s] 
[0.388s] 
[0.388s] -- Configuring incomplete, errors occurred!
[0.388s] See also "/home/th1rt3en/doco/dev_full/src/workspace/doco_ugv/build/ugv_base_driver/CMakeFiles/CMakeOutput.log".
[0.395s] Invoked command in '/home/th1rt3en/doco/dev_full/src/workspace/doco_ugv/build/ugv_base_driver' returned '1': CMAKE_PREFIX_PATH=/opt/ros/humble /usr/bin/cmake /home/th1rt3en/doco/dev_full/src/workspace/doco_ugv/src/ugv_base_driver -DCMAKE_INSTALL_PREFIX=/home/th1rt3en/doco/dev_full/src/workspace/doco_ugv/install/ugv_base_driver
