[0.067s] Invoking command in '/home/th1rt3en/doco/dev_full/src/workspace/doco_ugv/build/lslidar_msgs': CMAKE_PREFIX_PATH=/opt/ros/humble /usr/bin/cmake /home/th1rt3en/doco/dev_full/src/workspace/doco_ugv/src/lslidar_driver/lslidar_msgs -DCMAKE_INSTALL_PREFIX=/home/th1rt3en/doco/dev_full/src/workspace/doco_ugv/install/lslidar_msgs
[0.379s] -- The C compiler identification is GNU 11.4.0
[0.380s] -- The CXX compiler identification is GNU 11.4.0
[0.380s] -- Detecting C compiler ABI info
[0.387s] -- Detecting C compiler ABI info - done
[0.392s] -- Check for working C compiler: /usr/bin/cc - skipped
[0.392s] -- Detecting C compile features
[0.392s] -- Detecting C compile features - done
[0.396s] -- Detecting CXX compiler ABI info
[0.525s] -- Detecting CXX compiler ABI info - done
[0.532s] -- Check for working CXX compiler: /usr/bin/c++ - skipped
[0.532s] -- Detecting CXX compile features
[0.532s] -- Detecting CXX compile features - done
[0.536s] -- Found ament_cmake: 1.3.13 (/opt/ros/humble/share/ament_cmake/cmake)
[0.783s] -- Found Python3: /usr/bin/python3 (found version "3.10.12") found components: Interpreter 
[0.880s] -- Found std_msgs: 4.9.1 (/opt/ros/humble/share/std_msgs/cmake)
[0.920s] -- Found rosidl_generator_c: 3.1.8 (/opt/ros/humble/share/rosidl_generator_c/cmake)
[0.925s] -- Found rosidl_adapter: 3.1.8 (/opt/ros/humble/share/rosidl_adapter/cmake)
[0.936s] -- Found rosidl_generator_cpp: 3.1.8 (/opt/ros/humble/share/rosidl_generator_cpp/cmake)
[0.949s] -- Using all available rosidl_typesupport_c: rosidl_typesupport_fastrtps_c;rosidl_typesupport_introspection_c
[0.968s] -- Using all available rosidl_typesupport_cpp: rosidl_typesupport_fastrtps_cpp;rosidl_typesupport_introspection_cpp
[0.995s] -- Found sensor_msgs: 4.9.1 (/opt/ros/humble/share/sensor_msgs/cmake)
[1.029s] -- Found rosidl_default_generators: 1.2.0 (/opt/ros/humble/share/rosidl_default_generators/cmake)
[1.039s] -- Found ament_lint_auto: 0.12.15 (/opt/ros/humble/share/ament_lint_auto/cmake)
[1.355s] -- Found ament_cmake_ros: 0.10.0 (/opt/ros/humble/share/ament_cmake_ros/cmake)
[1.732s] -- Using all available rosidl_typesupport_c: rosidl_typesupport_fastrtps_c;rosidl_typesupport_introspection_c
[1.916s] -- Using all available rosidl_typesupport_cpp: rosidl_typesupport_fastrtps_cpp;rosidl_typesupport_introspection_cpp
[1.944s] -- Found PythonInterp: /usr/bin/python3 (found suitable version "3.10.12", minimum required is "3.6") 
[1.945s] -- Found python_cmake_module: 0.10.0 (/opt/ros/humble/share/python_cmake_module/cmake)
[1.991s] -- Found PythonLibs: /usr/lib/x86_64-linux-gnu/libpython3.10.so (found suitable version "3.10.12", minimum required is "3.5") 
[1.991s] -- Using PYTHON_EXECUTABLE: /usr/bin/python3
[1.991s] -- Using PYTHON_INCLUDE_DIRS: /usr/include/python3.10
[1.991s] -- Using PYTHON_LIBRARIES: /usr/lib/x86_64-linux-gnu/libpython3.10.so
[2.020s] -- Found PythonExtra: .so  
[2.071s] -- Added test 'copyright' to check source files copyright and LICENSE
[2.074s] -- Added test 'lint_cmake' to check CMake code style
[2.076s] -- Added test 'xmllint' to check XML markup files
[2.087s] -- Configuring done
[2.133s] -- Generating done
[2.158s] -- Build files have been written to: /home/th1rt3en/doco/dev_full/src/workspace/doco_ugv/build/lslidar_msgs
