[0.154s] DEBUG:colcon:Command line arguments: ['/home/th1rt3en/.local/bin/colcon', 'build', '--packages-select', 'ugv_bringup']
[0.154s] DEBUG:colcon:Parsed command line arguments: Namespace(log_base=None, log_level=None, verb_name='build', build_base='build', install_base='install', merge_install=False, symlink_install=False, test_result_base=None, continue_on_error=False, executor='parallel', parallel_workers=16, event_handlers=None, ignore_user_meta=False, metas=['./colcon.meta'], base_paths=['.'], packages_ignore=None, packages_ignore_regex=None, paths=None, packages_up_to=None, packages_up_to_regex=None, packages_above=None, packages_above_and_dependencies=None, packages_above_depth=None, packages_select_by_dep=None, packages_skip_by_dep=None, packages_skip_up_to=None, packages_select_build_failed=False, packages_skip_build_finished=False, packages_select_test_failures=False, packages_skip_test_passed=False, packages_select=['ugv_bringup'], packages_skip=None, packages_select_regex=None, packages_skip_regex=None, packages_start=None, packages_end=None, cmake_args=None, cmake_target=None, cmake_target_skip_unavailable=False, cmake_clean_cache=False, cmake_clean_first=False, cmake_force_configure=False, ament_cmake_args=None, catkin_cmake_args=None, catkin_skip_building_tests=False, verb_parser=<colcon_defaults.argument_parser.defaults.DefaultArgumentsDecorator object at 0x78d7f2ce1390>, verb_extension=<colcon_core.verb.build.BuildVerb object at 0x78d7f2ce0df0>, main=<bound method BuildVerb.main of <colcon_core.verb.build.BuildVerb object at 0x78d7f2ce0df0>>)
[0.295s] Level 1:colcon.colcon_core.package_discovery:discover_packages(colcon_meta) check parameters
[0.295s] Level 1:colcon.colcon_core.package_discovery:discover_packages(recursive) check parameters
[0.295s] Level 1:colcon.colcon_core.package_discovery:discover_packages(ignore) check parameters
[0.295s] Level 1:colcon.colcon_core.package_discovery:discover_packages(path) check parameters
[0.295s] Level 1:colcon.colcon_core.package_discovery:discover_packages(colcon_meta) discover
[0.295s] Level 1:colcon.colcon_core.package_discovery:discover_packages(recursive) discover
[0.295s] INFO:colcon.colcon_core.package_discovery:Crawling recursively for packages in '/home/th1rt3en/doco/dev_full/src/workspace/doco_ugv'
[0.295s] Level 1:colcon.colcon_core.package_identification:_identify(.) by extensions ['ignore', 'ignore_ament_install']
[0.296s] Level 1:colcon.colcon_core.package_identification:_identify(.) by extension 'ignore'
[0.296s] Level 1:colcon.colcon_core.package_identification:_identify(.) by extension 'ignore_ament_install'
[0.296s] Level 1:colcon.colcon_core.package_identification:_identify(.) by extensions ['colcon_pkg']
[0.296s] Level 1:colcon.colcon_core.package_identification:_identify(.) by extension 'colcon_pkg'
[0.296s] Level 1:colcon.colcon_core.package_identification:_identify(.) by extensions ['colcon_meta']
[0.296s] Level 1:colcon.colcon_core.package_identification:_identify(.) by extension 'colcon_meta'
[0.296s] Level 1:colcon.colcon_core.package_identification:_identify(.) by extensions ['ros']
[0.296s] Level 1:colcon.colcon_core.package_identification:_identify(.) by extension 'ros'
[0.312s] Level 1:colcon.colcon_core.package_identification:_identify(.) by extensions ['cmake', 'python']
[0.312s] Level 1:colcon.colcon_core.package_identification:_identify(.) by extension 'cmake'
[0.312s] Level 1:colcon.colcon_core.package_identification:_identify(.) by extension 'python'
[0.312s] Level 1:colcon.colcon_core.package_identification:_identify(.) by extensions ['python_setup_py']
[0.312s] Level 1:colcon.colcon_core.package_identification:_identify(.) by extension 'python_setup_py'
[0.313s] Level 1:colcon.colcon_core.package_identification:_identify(build) by extensions ['ignore', 'ignore_ament_install']
[0.313s] Level 1:colcon.colcon_core.package_identification:_identify(build) by extension 'ignore'
[0.313s] Level 1:colcon.colcon_core.package_identification:_identify(build) ignored
[0.313s] Level 1:colcon.colcon_core.package_identification:_identify(install) by extensions ['ignore', 'ignore_ament_install']
[0.313s] Level 1:colcon.colcon_core.package_identification:_identify(install) by extension 'ignore'
[0.313s] Level 1:colcon.colcon_core.package_identification:_identify(install) ignored
[0.313s] Level 1:colcon.colcon_core.package_identification:_identify(log) by extensions ['ignore', 'ignore_ament_install']
[0.313s] Level 1:colcon.colcon_core.package_identification:_identify(log) by extension 'ignore'
[0.313s] Level 1:colcon.colcon_core.package_identification:_identify(log) ignored
[0.313s] Level 1:colcon.colcon_core.package_identification:_identify(src) by extensions ['ignore', 'ignore_ament_install']
[0.313s] Level 1:colcon.colcon_core.package_identification:_identify(src) by extension 'ignore'
[0.313s] Level 1:colcon.colcon_core.package_identification:_identify(src) by extension 'ignore_ament_install'
[0.313s] Level 1:colcon.colcon_core.package_identification:_identify(src) by extensions ['colcon_pkg']
[0.313s] Level 1:colcon.colcon_core.package_identification:_identify(src) by extension 'colcon_pkg'
[0.313s] Level 1:colcon.colcon_core.package_identification:_identify(src) by extensions ['colcon_meta']
[0.313s] Level 1:colcon.colcon_core.package_identification:_identify(src) by extension 'colcon_meta'
[0.313s] Level 1:colcon.colcon_core.package_identification:_identify(src) by extensions ['ros']
[0.313s] Level 1:colcon.colcon_core.package_identification:_identify(src) by extension 'ros'
[0.313s] Level 1:colcon.colcon_core.package_identification:_identify(src) by extensions ['cmake', 'python']
[0.313s] Level 1:colcon.colcon_core.package_identification:_identify(src) by extension 'cmake'
[0.313s] Level 1:colcon.colcon_core.package_identification:_identify(src) by extension 'python'
[0.313s] Level 1:colcon.colcon_core.package_identification:_identify(src) by extensions ['python_setup_py']
[0.313s] Level 1:colcon.colcon_core.package_identification:_identify(src) by extension 'python_setup_py'
[0.313s] Level 1:colcon.colcon_core.package_identification:_identify(src/lslidar_driver) by extensions ['ignore', 'ignore_ament_install']
[0.313s] Level 1:colcon.colcon_core.package_identification:_identify(src/lslidar_driver) by extension 'ignore'
[0.313s] Level 1:colcon.colcon_core.package_identification:_identify(src/lslidar_driver) by extension 'ignore_ament_install'
[0.313s] Level 1:colcon.colcon_core.package_identification:_identify(src/lslidar_driver) by extensions ['colcon_pkg']
[0.313s] Level 1:colcon.colcon_core.package_identification:_identify(src/lslidar_driver) by extension 'colcon_pkg'
[0.313s] Level 1:colcon.colcon_core.package_identification:_identify(src/lslidar_driver) by extensions ['colcon_meta']
[0.313s] Level 1:colcon.colcon_core.package_identification:_identify(src/lslidar_driver) by extension 'colcon_meta'
[0.313s] Level 1:colcon.colcon_core.package_identification:_identify(src/lslidar_driver) by extensions ['ros']
[0.313s] Level 1:colcon.colcon_core.package_identification:_identify(src/lslidar_driver) by extension 'ros'
[0.314s] Level 1:colcon.colcon_core.package_identification:_identify(src/lslidar_driver) by extensions ['cmake', 'python']
[0.314s] Level 1:colcon.colcon_core.package_identification:_identify(src/lslidar_driver) by extension 'cmake'
[0.314s] Level 1:colcon.colcon_core.package_identification:_identify(src/lslidar_driver) by extension 'python'
[0.314s] Level 1:colcon.colcon_core.package_identification:_identify(src/lslidar_driver) by extensions ['python_setup_py']
[0.314s] Level 1:colcon.colcon_core.package_identification:_identify(src/lslidar_driver) by extension 'python_setup_py'
[0.314s] Level 1:colcon.colcon_core.package_identification:_identify(src/lslidar_driver/lslidar_driver) by extensions ['ignore', 'ignore_ament_install']
[0.314s] Level 1:colcon.colcon_core.package_identification:_identify(src/lslidar_driver/lslidar_driver) by extension 'ignore'
[0.314s] Level 1:colcon.colcon_core.package_identification:_identify(src/lslidar_driver/lslidar_driver) by extension 'ignore_ament_install'
[0.314s] Level 1:colcon.colcon_core.package_identification:_identify(src/lslidar_driver/lslidar_driver) by extensions ['colcon_pkg']
[0.314s] Level 1:colcon.colcon_core.package_identification:_identify(src/lslidar_driver/lslidar_driver) by extension 'colcon_pkg'
[0.314s] Level 1:colcon.colcon_core.package_identification:_identify(src/lslidar_driver/lslidar_driver) by extensions ['colcon_meta']
[0.314s] Level 1:colcon.colcon_core.package_identification:_identify(src/lslidar_driver/lslidar_driver) by extension 'colcon_meta'
[0.314s] Level 1:colcon.colcon_core.package_identification:_identify(src/lslidar_driver/lslidar_driver) by extensions ['ros']
[0.314s] Level 1:colcon.colcon_core.package_identification:_identify(src/lslidar_driver/lslidar_driver) by extension 'ros'
[0.317s] DEBUG:colcon.colcon_core.package_identification:Package 'src/lslidar_driver/lslidar_driver' with type 'ros.ament_cmake' and name 'lslidar_driver'
[0.318s] Level 1:colcon.colcon_core.package_identification:_identify(src/lslidar_driver/lslidar_msgs) by extensions ['ignore', 'ignore_ament_install']
[0.318s] Level 1:colcon.colcon_core.package_identification:_identify(src/lslidar_driver/lslidar_msgs) by extension 'ignore'
[0.318s] Level 1:colcon.colcon_core.package_identification:_identify(src/lslidar_driver/lslidar_msgs) by extension 'ignore_ament_install'
[0.318s] Level 1:colcon.colcon_core.package_identification:_identify(src/lslidar_driver/lslidar_msgs) by extensions ['colcon_pkg']
[0.318s] Level 1:colcon.colcon_core.package_identification:_identify(src/lslidar_driver/lslidar_msgs) by extension 'colcon_pkg'
[0.318s] Level 1:colcon.colcon_core.package_identification:_identify(src/lslidar_driver/lslidar_msgs) by extensions ['colcon_meta']
[0.318s] Level 1:colcon.colcon_core.package_identification:_identify(src/lslidar_driver/lslidar_msgs) by extension 'colcon_meta'
[0.318s] Level 1:colcon.colcon_core.package_identification:_identify(src/lslidar_driver/lslidar_msgs) by extensions ['ros']
[0.318s] Level 1:colcon.colcon_core.package_identification:_identify(src/lslidar_driver/lslidar_msgs) by extension 'ros'
[0.318s] DEBUG:colcon.colcon_core.package_identification:Package 'src/lslidar_driver/lslidar_msgs' with type 'ros.ament_cmake' and name 'lslidar_msgs'
[0.319s] Level 1:colcon.colcon_core.package_identification:_identify(src/ugv_base_driver) by extensions ['ignore', 'ignore_ament_install']
[0.319s] Level 1:colcon.colcon_core.package_identification:_identify(src/ugv_base_driver) by extension 'ignore'
[0.319s] Level 1:colcon.colcon_core.package_identification:_identify(src/ugv_base_driver) by extension 'ignore_ament_install'
[0.319s] Level 1:colcon.colcon_core.package_identification:_identify(src/ugv_base_driver) by extensions ['colcon_pkg']
[0.319s] Level 1:colcon.colcon_core.package_identification:_identify(src/ugv_base_driver) by extension 'colcon_pkg'
[0.319s] Level 1:colcon.colcon_core.package_identification:_identify(src/ugv_base_driver) by extensions ['colcon_meta']
[0.319s] Level 1:colcon.colcon_core.package_identification:_identify(src/ugv_base_driver) by extension 'colcon_meta'
[0.319s] Level 1:colcon.colcon_core.package_identification:_identify(src/ugv_base_driver) by extensions ['ros']
[0.319s] Level 1:colcon.colcon_core.package_identification:_identify(src/ugv_base_driver) by extension 'ros'
[0.319s] DEBUG:colcon.colcon_core.package_identification:Package 'src/ugv_base_driver' with type 'ros.ament_cmake' and name 'ugv_base_driver'
[0.319s] Level 1:colcon.colcon_core.package_identification:_identify(src/ugv_bringup) by extensions ['ignore', 'ignore_ament_install']
[0.319s] Level 1:colcon.colcon_core.package_identification:_identify(src/ugv_bringup) by extension 'ignore'
[0.319s] Level 1:colcon.colcon_core.package_identification:_identify(src/ugv_bringup) by extension 'ignore_ament_install'
[0.320s] Level 1:colcon.colcon_core.package_identification:_identify(src/ugv_bringup) by extensions ['colcon_pkg']
[0.320s] Level 1:colcon.colcon_core.package_identification:_identify(src/ugv_bringup) by extension 'colcon_pkg'
[0.320s] Level 1:colcon.colcon_core.package_identification:_identify(src/ugv_bringup) by extensions ['colcon_meta']
[0.320s] Level 1:colcon.colcon_core.package_identification:_identify(src/ugv_bringup) by extension 'colcon_meta'
[0.320s] Level 1:colcon.colcon_core.package_identification:_identify(src/ugv_bringup) by extensions ['ros']
[0.320s] Level 1:colcon.colcon_core.package_identification:_identify(src/ugv_bringup) by extension 'ros'
[0.320s] DEBUG:colcon.colcon_core.package_identification:Package 'src/ugv_bringup' with type 'ros.ament_python' and name 'ugv_bringup'
[0.320s] Level 1:colcon.colcon_core.package_identification:_identify(src/ugv_description) by extensions ['ignore', 'ignore_ament_install']
[0.320s] Level 1:colcon.colcon_core.package_identification:_identify(src/ugv_description) by extension 'ignore'
[0.320s] Level 1:colcon.colcon_core.package_identification:_identify(src/ugv_description) by extension 'ignore_ament_install'
[0.320s] Level 1:colcon.colcon_core.package_identification:_identify(src/ugv_description) by extensions ['colcon_pkg']
[0.320s] Level 1:colcon.colcon_core.package_identification:_identify(src/ugv_description) by extension 'colcon_pkg'
[0.320s] Level 1:colcon.colcon_core.package_identification:_identify(src/ugv_description) by extensions ['colcon_meta']
[0.320s] Level 1:colcon.colcon_core.package_identification:_identify(src/ugv_description) by extension 'colcon_meta'
[0.320s] Level 1:colcon.colcon_core.package_identification:_identify(src/ugv_description) by extensions ['ros']
[0.320s] Level 1:colcon.colcon_core.package_identification:_identify(src/ugv_description) by extension 'ros'
[0.321s] DEBUG:colcon.colcon_core.package_identification:Package 'src/ugv_description' with type 'ros.ament_python' and name 'ugv_description'
[0.321s] Level 1:colcon.colcon_core.package_identification:_identify(src/ugv_safety_watchdog) by extensions ['ignore', 'ignore_ament_install']
[0.321s] Level 1:colcon.colcon_core.package_identification:_identify(src/ugv_safety_watchdog) by extension 'ignore'
[0.321s] Level 1:colcon.colcon_core.package_identification:_identify(src/ugv_safety_watchdog) by extension 'ignore_ament_install'
[0.321s] Level 1:colcon.colcon_core.package_identification:_identify(src/ugv_safety_watchdog) by extensions ['colcon_pkg']
[0.321s] Level 1:colcon.colcon_core.package_identification:_identify(src/ugv_safety_watchdog) by extension 'colcon_pkg'
[0.321s] Level 1:colcon.colcon_core.package_identification:_identify(src/ugv_safety_watchdog) by extensions ['colcon_meta']
[0.321s] Level 1:colcon.colcon_core.package_identification:_identify(src/ugv_safety_watchdog) by extension 'colcon_meta'
[0.321s] Level 1:colcon.colcon_core.package_identification:_identify(src/ugv_safety_watchdog) by extensions ['ros']
[0.321s] Level 1:colcon.colcon_core.package_identification:_identify(src/ugv_safety_watchdog) by extension 'ros'
[0.321s] DEBUG:colcon.colcon_core.package_identification:Package 'src/ugv_safety_watchdog' with type 'ros.ament_cmake' and name 'ugv_safety_watchdog'
[0.321s] Level 1:colcon.colcon_core.package_identification:_identify(src/ugv_slam_tools) by extensions ['ignore', 'ignore_ament_install']
[0.321s] Level 1:colcon.colcon_core.package_identification:_identify(src/ugv_slam_tools) by extension 'ignore'
[0.321s] Level 1:colcon.colcon_core.package_identification:_identify(src/ugv_slam_tools) by extension 'ignore_ament_install'
[0.322s] Level 1:colcon.colcon_core.package_identification:_identify(src/ugv_slam_tools) by extensions ['colcon_pkg']
[0.322s] Level 1:colcon.colcon_core.package_identification:_identify(src/ugv_slam_tools) by extension 'colcon_pkg'
[0.322s] Level 1:colcon.colcon_core.package_identification:_identify(src/ugv_slam_tools) by extensions ['colcon_meta']
[0.322s] Level 1:colcon.colcon_core.package_identification:_identify(src/ugv_slam_tools) by extension 'colcon_meta'
[0.322s] Level 1:colcon.colcon_core.package_identification:_identify(src/ugv_slam_tools) by extensions ['ros']
[0.322s] Level 1:colcon.colcon_core.package_identification:_identify(src/ugv_slam_tools) by extension 'ros'
[0.322s] DEBUG:colcon.colcon_core.package_identification:Package 'src/ugv_slam_tools' with type 'ros.ament_cmake' and name 'ugv_slam_tools'
[0.322s] Level 1:colcon.colcon_core.package_identification:_identify(src/ugv_teleop) by extensions ['ignore', 'ignore_ament_install']
[0.322s] Level 1:colcon.colcon_core.package_identification:_identify(src/ugv_teleop) by extension 'ignore'
[0.322s] Level 1:colcon.colcon_core.package_identification:_identify(src/ugv_teleop) by extension 'ignore_ament_install'
[0.322s] Level 1:colcon.colcon_core.package_identification:_identify(src/ugv_teleop) by extensions ['colcon_pkg']
[0.322s] Level 1:colcon.colcon_core.package_identification:_identify(src/ugv_teleop) by extension 'colcon_pkg'
[0.322s] Level 1:colcon.colcon_core.package_identification:_identify(src/ugv_teleop) by extensions ['colcon_meta']
[0.322s] Level 1:colcon.colcon_core.package_identification:_identify(src/ugv_teleop) by extension 'colcon_meta'
[0.322s] Level 1:colcon.colcon_core.package_identification:_identify(src/ugv_teleop) by extensions ['ros']
[0.322s] Level 1:colcon.colcon_core.package_identification:_identify(src/ugv_teleop) by extension 'ros'
[0.323s] DEBUG:colcon.colcon_core.package_identification:Package 'src/ugv_teleop' with type 'ros.ament_cmake' and name 'ugv_teleop'
[0.323s] Level 1:colcon.colcon_core.package_discovery:discover_packages(recursive) using defaults
[0.323s] Level 1:colcon.colcon_core.package_discovery:discover_packages(ignore) discover
[0.323s] Level 1:colcon.colcon_core.package_discovery:discover_packages(ignore) using defaults
[0.323s] Level 1:colcon.colcon_core.package_discovery:discover_packages(path) discover
[0.323s] Level 1:colcon.colcon_core.package_discovery:discover_packages(path) using defaults
[0.344s] INFO:colcon.colcon_core.package_selection:Skipping not selected package 'lslidar_msgs' in 'src/lslidar_driver/lslidar_msgs'
[0.344s] INFO:colcon.colcon_core.package_selection:Skipping not selected package 'ugv_base_driver' in 'src/ugv_base_driver'
[0.344s] INFO:colcon.colcon_core.package_selection:Skipping not selected package 'ugv_description' in 'src/ugv_description'
[0.344s] INFO:colcon.colcon_core.package_selection:Skipping not selected package 'ugv_safety_watchdog' in 'src/ugv_safety_watchdog'
[0.344s] INFO:colcon.colcon_core.package_selection:Skipping not selected package 'ugv_slam_tools' in 'src/ugv_slam_tools'
[0.344s] INFO:colcon.colcon_core.package_selection:Skipping not selected package 'ugv_teleop' in 'src/ugv_teleop'
[0.344s] INFO:colcon.colcon_core.package_selection:Skipping not selected package 'lslidar_driver' in 'src/lslidar_driver/lslidar_driver'
[0.344s] Level 5:colcon.colcon_core.verb:set package 'ugv_bringup' build argument 'cmake_args' from command line to 'None'
[0.344s] Level 5:colcon.colcon_core.verb:set package 'ugv_bringup' build argument 'cmake_target' from command line to 'None'
[0.344s] Level 5:colcon.colcon_core.verb:set package 'ugv_bringup' build argument 'cmake_target_skip_unavailable' from command line to 'False'
[0.345s] Level 5:colcon.colcon_core.verb:set package 'ugv_bringup' build argument 'cmake_clean_cache' from command line to 'False'
[0.345s] Level 5:colcon.colcon_core.verb:set package 'ugv_bringup' build argument 'cmake_clean_first' from command line to 'False'
[0.345s] Level 5:colcon.colcon_core.verb:set package 'ugv_bringup' build argument 'cmake_force_configure' from command line to 'False'
[0.345s] Level 5:colcon.colcon_core.verb:set package 'ugv_bringup' build argument 'ament_cmake_args' from command line to 'None'
[0.345s] Level 5:colcon.colcon_core.verb:set package 'ugv_bringup' build argument 'catkin_cmake_args' from command line to 'None'
[0.345s] Level 5:colcon.colcon_core.verb:set package 'ugv_bringup' build argument 'catkin_skip_building_tests' from command line to 'False'
[0.345s] DEBUG:colcon.colcon_core.verb:Building package 'ugv_bringup' with the following arguments: {'ament_cmake_args': None, 'build_base': '/home/th1rt3en/doco/dev_full/src/workspace/doco_ugv/build/ugv_bringup', 'catkin_cmake_args': None, 'catkin_skip_building_tests': False, 'cmake_args': None, 'cmake_clean_cache': False, 'cmake_clean_first': False, 'cmake_force_configure': False, 'cmake_target': None, 'cmake_target_skip_unavailable': False, 'install_base': '/home/th1rt3en/doco/dev_full/src/workspace/doco_ugv/install/ugv_bringup', 'merge_install': False, 'path': '/home/th1rt3en/doco/dev_full/src/workspace/doco_ugv/src/ugv_bringup', 'symlink_install': False, 'test_result_base': None}
[0.345s] INFO:colcon.colcon_core.executor:Executing jobs using 'parallel' executor
[0.346s] DEBUG:colcon.colcon_parallel_executor.executor.parallel:run_until_complete
[0.346s] INFO:colcon.colcon_ros.task.ament_python.build:Building ROS package in '/home/th1rt3en/doco/dev_full/src/workspace/doco_ugv/src/ugv_bringup' with build type 'ament_python'
[0.346s] Level 1:colcon.colcon_core.shell:create_environment_hook('ugv_bringup', 'ament_prefix_path')
[0.349s] INFO:colcon.colcon_core.plugin_system:Skipping extension 'colcon_core.shell.bat': Not used on non-Windows systems
[0.350s] INFO:colcon.colcon_core.shell:Creating environment hook '/home/th1rt3en/doco/dev_full/src/workspace/doco_ugv/install/ugv_bringup/share/ugv_bringup/hook/ament_prefix_path.ps1'
[0.350s] INFO:colcon.colcon_core.shell:Creating environment descriptor '/home/th1rt3en/doco/dev_full/src/workspace/doco_ugv/install/ugv_bringup/share/ugv_bringup/hook/ament_prefix_path.dsv'
[0.351s] INFO:colcon.colcon_core.shell:Creating environment hook '/home/th1rt3en/doco/dev_full/src/workspace/doco_ugv/install/ugv_bringup/share/ugv_bringup/hook/ament_prefix_path.sh'
[0.352s] INFO:colcon.colcon_core.shell:Skip shell extension 'powershell' for command environment: Not usable outside of PowerShell
[0.352s] DEBUG:colcon.colcon_core.shell:Skip shell extension 'dsv' for command environment
[0.354s] ERROR:colcon.colcon_ros.task.ament_python.build:Failed to find the following files:
- /home/th1rt3en/doco/dev_full/src/workspace/doco_ugv/install/lslidar_msgs/share/lslidar_msgs/package.sh
- /home/th1rt3en/doco/dev_full/src/workspace/doco_ugv/install/ugv_base_driver/share/ugv_base_driver/package.sh
- /home/th1rt3en/doco/dev_full/src/workspace/doco_ugv/install/ugv_description/share/ugv_description/package.sh
- /home/th1rt3en/doco/dev_full/src/workspace/doco_ugv/install/ugv_safety_watchdog/share/ugv_safety_watchdog/package.sh
- /home/th1rt3en/doco/dev_full/src/workspace/doco_ugv/install/ugv_slam_tools/share/ugv_slam_tools/package.sh
- /home/th1rt3en/doco/dev_full/src/workspace/doco_ugv/install/ugv_teleop/share/ugv_teleop/package.sh
- /home/th1rt3en/doco/dev_full/src/workspace/doco_ugv/install/lslidar_driver/share/lslidar_driver/package.sh
Check that the following packages have been built:
- lslidar_msgs
- ugv_base_driver
- ugv_description
- ugv_safety_watchdog
- ugv_slam_tools
- ugv_teleop
- lslidar_driver
[0.365s] DEBUG:colcon.colcon_parallel_executor.executor.parallel:closing loop
[0.365s] DEBUG:colcon.colcon_parallel_executor.executor.parallel:loop closed
[0.365s] DEBUG:colcon.colcon_parallel_executor.executor.parallel:run_until_complete finished with '1'
[0.365s] DEBUG:colcon.colcon_core.event_reactor:joining thread
[0.374s] INFO:colcon.colcon_core.plugin_system:Skipping extension 'colcon_notification.desktop_notification.terminal_notifier': Not used on non-Darwin systems
[0.375s] INFO:colcon.colcon_core.plugin_system:Skipping extension 'colcon_notification.desktop_notification.win32': Not used on non-Windows systems
[0.375s] INFO:colcon.colcon_notification.desktop_notification:Sending desktop notification using 'notify2'
[0.388s] DEBUG:colcon.colcon_core.event_reactor:joined thread
[0.389s] INFO:colcon.colcon_core.shell:Creating prefix script '/home/th1rt3en/doco/dev_full/src/workspace/doco_ugv/install/local_setup.ps1'
[0.391s] INFO:colcon.colcon_core.shell:Creating prefix util module '/home/th1rt3en/doco/dev_full/src/workspace/doco_ugv/install/_local_setup_util_ps1.py'
[0.420s] INFO:colcon.colcon_core.shell:Creating prefix chain script '/home/th1rt3en/doco/dev_full/src/workspace/doco_ugv/install/setup.ps1'
[0.423s] INFO:colcon.colcon_core.shell:Creating prefix script '/home/th1rt3en/doco/dev_full/src/workspace/doco_ugv/install/local_setup.sh'
[0.424s] INFO:colcon.colcon_core.shell:Creating prefix util module '/home/th1rt3en/doco/dev_full/src/workspace/doco_ugv/install/_local_setup_util_sh.py'
[0.425s] INFO:colcon.colcon_core.shell:Creating prefix chain script '/home/th1rt3en/doco/dev_full/src/workspace/doco_ugv/install/setup.sh'
[0.426s] INFO:colcon.colcon_core.shell:Creating prefix script '/home/th1rt3en/doco/dev_full/src/workspace/doco_ugv/install/local_setup.bash'
[0.427s] INFO:colcon.colcon_core.shell:Creating prefix chain script '/home/th1rt3en/doco/dev_full/src/workspace/doco_ugv/install/setup.bash'
[0.428s] INFO:colcon.colcon_core.shell:Creating prefix script '/home/th1rt3en/doco/dev_full/src/workspace/doco_ugv/install/local_setup.zsh'
[0.429s] INFO:colcon.colcon_core.shell:Creating prefix chain script '/home/th1rt3en/doco/dev_full/src/workspace/doco_ugv/install/setup.zsh'
