running egg_info
creating ../../build/ugv_description/ugv_description.egg-info
writing ../../build/ugv_description/ugv_description.egg-info/PKG-INFO
writing dependency_links to ../../build/ugv_description/ugv_description.egg-info/dependency_links.txt
writing entry points to ../../build/ugv_description/ugv_description.egg-info/entry_points.txt
writing requirements to ../../build/ugv_description/ugv_description.egg-info/requires.txt
writing top-level names to ../../build/ugv_description/ugv_description.egg-info/top_level.txt
writing manifest file '../../build/ugv_description/ugv_description.egg-info/SOURCES.txt'
reading manifest file '../../build/ugv_description/ugv_description.egg-info/SOURCES.txt'
writing manifest file '../../build/ugv_description/ugv_description.egg-info/SOURCES.txt'
running build
running install
running install_data
creating /home/th1rt3en/doco/dev_full/src/workspace/doco_ugv/install/ugv_description/share/ament_index
creating /home/th1rt3en/doco/dev_full/src/workspace/doco_ugv/install/ugv_description/share/ament_index/resource_index
creating /home/th1rt3en/doco/dev_full/src/workspace/doco_ugv/install/ugv_description/share/ament_index/resource_index/packages
copying resource/ugv_description -> /home/th1rt3en/doco/dev_full/src/workspace/doco_ugv/install/ugv_description/share/ament_index/resource_index/packages
copying package.xml -> /home/th1rt3en/doco/dev_full/src/workspace/doco_ugv/install/ugv_description/share/ugv_description
creating /home/th1rt3en/doco/dev_full/src/workspace/doco_ugv/install/ugv_description/share/ugv_description/urdf
copying urdf/ugv_shared.xacro -> /home/th1rt3en/doco/dev_full/src/workspace/doco_ugv/install/ugv_description/share/ugv_description/urdf
copying urdf/ugv.xacro -> /home/th1rt3en/doco/dev_full/src/workspace/doco_ugv/install/ugv_description/share/ugv_description/urdf
copying urdf/ugv_sim.xacro -> /home/th1rt3en/doco/dev_full/src/workspace/doco_ugv/install/ugv_description/share/ugv_description/urdf
creating /home/th1rt3en/doco/dev_full/src/workspace/doco_ugv/install/ugv_description/share/ugv_description/urdf/sensors
copying urdf/sensors/camera.xacro -> /home/th1rt3en/doco/dev_full/src/workspace/doco_ugv/install/ugv_description/share/ugv_description/urdf/sensors
copying urdf/sensors/lidar.xacro -> /home/th1rt3en/doco/dev_full/src/workspace/doco_ugv/install/ugv_description/share/ugv_description/urdf/sensors
creating /home/th1rt3en/doco/dev_full/src/workspace/doco_ugv/install/ugv_description/share/ugv_description/meshes
copying meshes/tag36h11-0.png -> /home/th1rt3en/doco/dev_full/src/workspace/doco_ugv/install/ugv_description/share/ugv_description/meshes
copying meshes/depth_camera.stl -> /home/th1rt3en/doco/dev_full/src/workspace/doco_ugv/install/ugv_description/share/ugv_description/meshes
copying meshes/tag36h11_plane.dae -> /home/th1rt3en/doco/dev_full/src/workspace/doco_ugv/install/ugv_description/share/ugv_description/meshes
copying meshes/base_visual.stl -> /home/th1rt3en/doco/dev_full/src/workspace/doco_ugv/install/ugv_description/share/ugv_description/meshes
copying meshes/mecanum_wheel_left.stl -> /home/th1rt3en/doco/dev_full/src/workspace/doco_ugv/install/ugv_description/share/ugv_description/meshes
copying meshes/surface_visual.stl -> /home/th1rt3en/doco/dev_full/src/workspace/doco_ugv/install/ugv_description/share/ugv_description/meshes
copying meshes/base_collision.stl -> /home/th1rt3en/doco/dev_full/src/workspace/doco_ugv/install/ugv_description/share/ugv_description/meshes
copying meshes/mecanum_wheel_right.stl -> /home/th1rt3en/doco/dev_full/src/workspace/doco_ugv/install/ugv_description/share/ugv_description/meshes
copying meshes/plane.dae -> /home/th1rt3en/doco/dev_full/src/workspace/doco_ugv/install/ugv_description/share/ugv_description/meshes
copying meshes/wheel_shaft.stl -> /home/th1rt3en/doco/dev_full/src/workspace/doco_ugv/install/ugv_description/share/ugv_description/meshes
running install_egg_info
Copying ../../build/ugv_description/ugv_description.egg-info to /home/th1rt3en/doco/dev_full/src/workspace/doco_ugv/install/ugv_description/lib/python3.10/site-packages/ugv_description-0.0.0-py3.10.egg-info
running install_scripts
writing list of installed files to '/home/th1rt3en/doco/dev_full/src/workspace/doco_ugv/build/ugv_description/install.log'
