[0.893s] Invoking command in '/home/th1rt3en/doco/dev_full/src/workspace/doco_ugv/src/ugv_description': PYTHONPATH=/home/th1rt3en/doco/dev_full/src/workspace/doco_ugv/build/ugv_description/prefix_override:/home/th1rt3en/.local/lib/python3.10/site-packages/colcon_core/task/python/colcon_distutils_commands:/home/th1rt3en/doco/dev_full/src/workspace/doco_ugv/install/ugv_description/lib/python3.10/site-packages:${PYTHONPATH} /usr/bin/python3 -W ignore:setup.py install is deprecated -W ignore:easy_install command is deprecated setup.py egg_info --egg-base ../../build/ugv_description build --build-base /home/th1rt3en/doco/dev_full/src/workspace/doco_ugv/build/ugv_description/build install --record /home/th1rt3en/doco/dev_full/src/workspace/doco_ugv/build/ugv_description/install.log --single-version-externally-managed install_data
[1.111s] running egg_info
[1.112s] creating ../../build/ugv_description/ugv_description.egg-info
[1.112s] writing ../../build/ugv_description/ugv_description.egg-info/PKG-INFO
[1.113s] writing dependency_links to ../../build/ugv_description/ugv_description.egg-info/dependency_links.txt
[1.113s] writing entry points to ../../build/ugv_description/ugv_description.egg-info/entry_points.txt
[1.113s] writing requirements to ../../build/ugv_description/ugv_description.egg-info/requires.txt
[1.113s] writing top-level names to ../../build/ugv_description/ugv_description.egg-info/top_level.txt
[1.114s] writing manifest file '../../build/ugv_description/ugv_description.egg-info/SOURCES.txt'
[1.115s] reading manifest file '../../build/ugv_description/ugv_description.egg-info/SOURCES.txt'
[1.116s] writing manifest file '../../build/ugv_description/ugv_description.egg-info/SOURCES.txt'
[1.116s] running build
[1.116s] running install
[1.116s] running install_data
[1.116s] creating /home/th1rt3en/doco/dev_full/src/workspace/doco_ugv/install/ugv_description/share/ament_index
[1.116s] creating /home/th1rt3en/doco/dev_full/src/workspace/doco_ugv/install/ugv_description/share/ament_index/resource_index
[1.116s] creating /home/th1rt3en/doco/dev_full/src/workspace/doco_ugv/install/ugv_description/share/ament_index/resource_index/packages
[1.117s] copying resource/ugv_description -> /home/th1rt3en/doco/dev_full/src/workspace/doco_ugv/install/ugv_description/share/ament_index/resource_index/packages
[1.117s] copying package.xml -> /home/th1rt3en/doco/dev_full/src/workspace/doco_ugv/install/ugv_description/share/ugv_description
[1.117s] creating /home/th1rt3en/doco/dev_full/src/workspace/doco_ugv/install/ugv_description/share/ugv_description/urdf
[1.117s] copying urdf/ugv_shared.xacro -> /home/th1rt3en/doco/dev_full/src/workspace/doco_ugv/install/ugv_description/share/ugv_description/urdf
[1.117s] copying urdf/ugv.xacro -> /home/th1rt3en/doco/dev_full/src/workspace/doco_ugv/install/ugv_description/share/ugv_description/urdf
[1.117s] copying urdf/ugv_sim.xacro -> /home/th1rt3en/doco/dev_full/src/workspace/doco_ugv/install/ugv_description/share/ugv_description/urdf
[1.117s] creating /home/th1rt3en/doco/dev_full/src/workspace/doco_ugv/install/ugv_description/share/ugv_description/urdf/sensors
[1.117s] copying urdf/sensors/camera.xacro -> /home/th1rt3en/doco/dev_full/src/workspace/doco_ugv/install/ugv_description/share/ugv_description/urdf/sensors
[1.117s] copying urdf/sensors/lidar.xacro -> /home/th1rt3en/doco/dev_full/src/workspace/doco_ugv/install/ugv_description/share/ugv_description/urdf/sensors
[1.117s] creating /home/th1rt3en/doco/dev_full/src/workspace/doco_ugv/install/ugv_description/share/ugv_description/meshes
[1.117s] copying meshes/tag36h11-0.png -> /home/th1rt3en/doco/dev_full/src/workspace/doco_ugv/install/ugv_description/share/ugv_description/meshes
[1.117s] copying meshes/depth_camera.stl -> /home/th1rt3en/doco/dev_full/src/workspace/doco_ugv/install/ugv_description/share/ugv_description/meshes
[1.118s] copying meshes/tag36h11_plane.dae -> /home/th1rt3en/doco/dev_full/src/workspace/doco_ugv/install/ugv_description/share/ugv_description/meshes
[1.118s] copying meshes/base_visual.stl -> /home/th1rt3en/doco/dev_full/src/workspace/doco_ugv/install/ugv_description/share/ugv_description/meshes
[1.118s] copying meshes/mecanum_wheel_left.stl -> /home/th1rt3en/doco/dev_full/src/workspace/doco_ugv/install/ugv_description/share/ugv_description/meshes
[1.121s] copying meshes/surface_visual.stl -> /home/th1rt3en/doco/dev_full/src/workspace/doco_ugv/install/ugv_description/share/ugv_description/meshes
[1.121s] copying meshes/base_collision.stl -> /home/th1rt3en/doco/dev_full/src/workspace/doco_ugv/install/ugv_description/share/ugv_description/meshes
[1.121s] copying meshes/mecanum_wheel_right.stl -> /home/th1rt3en/doco/dev_full/src/workspace/doco_ugv/install/ugv_description/share/ugv_description/meshes
[1.124s] copying meshes/plane.dae -> /home/th1rt3en/doco/dev_full/src/workspace/doco_ugv/install/ugv_description/share/ugv_description/meshes
[1.125s] copying meshes/wheel_shaft.stl -> /home/th1rt3en/doco/dev_full/src/workspace/doco_ugv/install/ugv_description/share/ugv_description/meshes
[1.125s] running install_egg_info
[1.129s] Copying ../../build/ugv_description/ugv_description.egg-info to /home/th1rt3en/doco/dev_full/src/workspace/doco_ugv/install/ugv_description/lib/python3.10/site-packages/ugv_description-0.0.0-py3.10.egg-info
[1.130s] running install_scripts
[1.155s] writing list of installed files to '/home/th1rt3en/doco/dev_full/src/workspace/doco_ugv/build/ugv_description/install.log'
