[0.133s] DEBUG:colcon:Command line arguments: ['/home/th1rt3en/.local/bin/colcon', 'build', '--packages-up-to', 'ugv_bringup']
[0.134s] DEBUG:colcon:Parsed command line arguments: Namespace(log_base=None, log_level=None, verb_name='build', build_base='build', install_base='install', merge_install=False, symlink_install=False, test_result_base=None, continue_on_error=False, executor='parallel', parallel_workers=16, event_handlers=None, ignore_user_meta=False, metas=['./colcon.meta'], base_paths=['.'], packages_ignore=None, packages_ignore_regex=None, paths=None, packages_up_to=['ugv_bringup'], packages_up_to_regex=None, packages_above=None, packages_above_and_dependencies=None, packages_above_depth=None, packages_select_by_dep=None, packages_skip_by_dep=None, packages_skip_up_to=None, packages_select_build_failed=False, packages_skip_build_finished=False, packages_select_test_failures=False, packages_skip_test_passed=False, packages_select=None, packages_skip=None, packages_select_regex=None, packages_skip_regex=None, packages_start=None, packages_end=None, cmake_args=None, cmake_target=None, cmake_target_skip_unavailable=False, cmake_clean_cache=False, cmake_clean_first=False, cmake_force_configure=False, ament_cmake_args=None, catkin_cmake_args=None, catkin_skip_building_tests=False, verb_parser=<colcon_defaults.argument_parser.defaults.DefaultArgumentsDecorator object at 0x743798235390>, verb_extension=<colcon_core.verb.build.BuildVerb object at 0x743798234df0>, main=<bound method BuildVerb.main of <colcon_core.verb.build.BuildVerb object at 0x743798234df0>>)
[0.239s] Level 1:colcon.colcon_core.package_discovery:discover_packages(colcon_meta) check parameters
[0.239s] Level 1:colcon.colcon_core.package_discovery:discover_packages(recursive) check parameters
[0.239s] Level 1:colcon.colcon_core.package_discovery:discover_packages(ignore) check parameters
[0.239s] Level 1:colcon.colcon_core.package_discovery:discover_packages(path) check parameters
[0.239s] Level 1:colcon.colcon_core.package_discovery:discover_packages(colcon_meta) discover
[0.239s] Level 1:colcon.colcon_core.package_discovery:discover_packages(recursive) discover
[0.239s] INFO:colcon.colcon_core.package_discovery:Crawling recursively for packages in '/home/th1rt3en/doco/dev_full/src/workspace/doco_ugv'
[0.239s] Level 1:colcon.colcon_core.package_identification:_identify(.) by extensions ['ignore', 'ignore_ament_install']
[0.239s] Level 1:colcon.colcon_core.package_identification:_identify(.) by extension 'ignore'
[0.239s] Level 1:colcon.colcon_core.package_identification:_identify(.) by extension 'ignore_ament_install'
[0.239s] Level 1:colcon.colcon_core.package_identification:_identify(.) by extensions ['colcon_pkg']
[0.239s] Level 1:colcon.colcon_core.package_identification:_identify(.) by extension 'colcon_pkg'
[0.239s] Level 1:colcon.colcon_core.package_identification:_identify(.) by extensions ['colcon_meta']
[0.239s] Level 1:colcon.colcon_core.package_identification:_identify(.) by extension 'colcon_meta'
[0.239s] Level 1:colcon.colcon_core.package_identification:_identify(.) by extensions ['ros']
[0.239s] Level 1:colcon.colcon_core.package_identification:_identify(.) by extension 'ros'
[0.255s] Level 1:colcon.colcon_core.package_identification:_identify(.) by extensions ['cmake', 'python']
[0.255s] Level 1:colcon.colcon_core.package_identification:_identify(.) by extension 'cmake'
[0.256s] Level 1:colcon.colcon_core.package_identification:_identify(.) by extension 'python'
[0.256s] Level 1:colcon.colcon_core.package_identification:_identify(.) by extensions ['python_setup_py']
[0.256s] Level 1:colcon.colcon_core.package_identification:_identify(.) by extension 'python_setup_py'
[0.256s] Level 1:colcon.colcon_core.package_identification:_identify(build) by extensions ['ignore', 'ignore_ament_install']
[0.256s] Level 1:colcon.colcon_core.package_identification:_identify(build) by extension 'ignore'
[0.256s] Level 1:colcon.colcon_core.package_identification:_identify(build) ignored
[0.257s] Level 1:colcon.colcon_core.package_identification:_identify(install) by extensions ['ignore', 'ignore_ament_install']
[0.257s] Level 1:colcon.colcon_core.package_identification:_identify(install) by extension 'ignore'
[0.257s] Level 1:colcon.colcon_core.package_identification:_identify(install) ignored
[0.257s] Level 1:colcon.colcon_core.package_identification:_identify(log) by extensions ['ignore', 'ignore_ament_install']
[0.257s] Level 1:colcon.colcon_core.package_identification:_identify(log) by extension 'ignore'
[0.257s] Level 1:colcon.colcon_core.package_identification:_identify(log) ignored
[0.257s] Level 1:colcon.colcon_core.package_identification:_identify(src) by extensions ['ignore', 'ignore_ament_install']
[0.257s] Level 1:colcon.colcon_core.package_identification:_identify(src) by extension 'ignore'
[0.257s] Level 1:colcon.colcon_core.package_identification:_identify(src) by extension 'ignore_ament_install'
[0.257s] Level 1:colcon.colcon_core.package_identification:_identify(src) by extensions ['colcon_pkg']
[0.257s] Level 1:colcon.colcon_core.package_identification:_identify(src) by extension 'colcon_pkg'
[0.257s] Level 1:colcon.colcon_core.package_identification:_identify(src) by extensions ['colcon_meta']
[0.257s] Level 1:colcon.colcon_core.package_identification:_identify(src) by extension 'colcon_meta'
[0.257s] Level 1:colcon.colcon_core.package_identification:_identify(src) by extensions ['ros']
[0.257s] Level 1:colcon.colcon_core.package_identification:_identify(src) by extension 'ros'
[0.257s] Level 1:colcon.colcon_core.package_identification:_identify(src) by extensions ['cmake', 'python']
[0.257s] Level 1:colcon.colcon_core.package_identification:_identify(src) by extension 'cmake'
[0.257s] Level 1:colcon.colcon_core.package_identification:_identify(src) by extension 'python'
[0.258s] Level 1:colcon.colcon_core.package_identification:_identify(src) by extensions ['python_setup_py']
[0.258s] Level 1:colcon.colcon_core.package_identification:_identify(src) by extension 'python_setup_py'
[0.258s] Level 1:colcon.colcon_core.package_identification:_identify(src/lslidar_driver) by extensions ['ignore', 'ignore_ament_install']
[0.258s] Level 1:colcon.colcon_core.package_identification:_identify(src/lslidar_driver) by extension 'ignore'
[0.258s] Level 1:colcon.colcon_core.package_identification:_identify(src/lslidar_driver) by extension 'ignore_ament_install'
[0.258s] Level 1:colcon.colcon_core.package_identification:_identify(src/lslidar_driver) by extensions ['colcon_pkg']
[0.258s] Level 1:colcon.colcon_core.package_identification:_identify(src/lslidar_driver) by extension 'colcon_pkg'
[0.258s] Level 1:colcon.colcon_core.package_identification:_identify(src/lslidar_driver) by extensions ['colcon_meta']
[0.258s] Level 1:colcon.colcon_core.package_identification:_identify(src/lslidar_driver) by extension 'colcon_meta'
[0.258s] Level 1:colcon.colcon_core.package_identification:_identify(src/lslidar_driver) by extensions ['ros']
[0.258s] Level 1:colcon.colcon_core.package_identification:_identify(src/lslidar_driver) by extension 'ros'
[0.258s] Level 1:colcon.colcon_core.package_identification:_identify(src/lslidar_driver) by extensions ['cmake', 'python']
[0.258s] Level 1:colcon.colcon_core.package_identification:_identify(src/lslidar_driver) by extension 'cmake'
[0.258s] Level 1:colcon.colcon_core.package_identification:_identify(src/lslidar_driver) by extension 'python'
[0.258s] Level 1:colcon.colcon_core.package_identification:_identify(src/lslidar_driver) by extensions ['python_setup_py']
[0.258s] Level 1:colcon.colcon_core.package_identification:_identify(src/lslidar_driver) by extension 'python_setup_py'
[0.258s] Level 1:colcon.colcon_core.package_identification:_identify(src/lslidar_driver/lslidar_driver) by extensions ['ignore', 'ignore_ament_install']
[0.258s] Level 1:colcon.colcon_core.package_identification:_identify(src/lslidar_driver/lslidar_driver) by extension 'ignore'
[0.258s] Level 1:colcon.colcon_core.package_identification:_identify(src/lslidar_driver/lslidar_driver) by extension 'ignore_ament_install'
[0.258s] Level 1:colcon.colcon_core.package_identification:_identify(src/lslidar_driver/lslidar_driver) by extensions ['colcon_pkg']
[0.258s] Level 1:colcon.colcon_core.package_identification:_identify(src/lslidar_driver/lslidar_driver) by extension 'colcon_pkg'
[0.258s] Level 1:colcon.colcon_core.package_identification:_identify(src/lslidar_driver/lslidar_driver) by extensions ['colcon_meta']
[0.258s] Level 1:colcon.colcon_core.package_identification:_identify(src/lslidar_driver/lslidar_driver) by extension 'colcon_meta'
[0.258s] Level 1:colcon.colcon_core.package_identification:_identify(src/lslidar_driver/lslidar_driver) by extensions ['ros']
[0.258s] Level 1:colcon.colcon_core.package_identification:_identify(src/lslidar_driver/lslidar_driver) by extension 'ros'
[0.262s] DEBUG:colcon.colcon_core.package_identification:Package 'src/lslidar_driver/lslidar_driver' with type 'ros.ament_cmake' and name 'lslidar_driver'
[0.263s] Level 1:colcon.colcon_core.package_identification:_identify(src/lslidar_driver/lslidar_msgs) by extensions ['ignore', 'ignore_ament_install']
[0.263s] Level 1:colcon.colcon_core.package_identification:_identify(src/lslidar_driver/lslidar_msgs) by extension 'ignore'
[0.263s] Level 1:colcon.colcon_core.package_identification:_identify(src/lslidar_driver/lslidar_msgs) by extension 'ignore_ament_install'
[0.263s] Level 1:colcon.colcon_core.package_identification:_identify(src/lslidar_driver/lslidar_msgs) by extensions ['colcon_pkg']
[0.263s] Level 1:colcon.colcon_core.package_identification:_identify(src/lslidar_driver/lslidar_msgs) by extension 'colcon_pkg'
[0.263s] Level 1:colcon.colcon_core.package_identification:_identify(src/lslidar_driver/lslidar_msgs) by extensions ['colcon_meta']
[0.263s] Level 1:colcon.colcon_core.package_identification:_identify(src/lslidar_driver/lslidar_msgs) by extension 'colcon_meta'
[0.263s] Level 1:colcon.colcon_core.package_identification:_identify(src/lslidar_driver/lslidar_msgs) by extensions ['ros']
[0.263s] Level 1:colcon.colcon_core.package_identification:_identify(src/lslidar_driver/lslidar_msgs) by extension 'ros'
[0.264s] DEBUG:colcon.colcon_core.package_identification:Package 'src/lslidar_driver/lslidar_msgs' with type 'ros.ament_cmake' and name 'lslidar_msgs'
[0.264s] Level 1:colcon.colcon_core.package_identification:_identify(src/ugv_base_driver) by extensions ['ignore', 'ignore_ament_install']
[0.264s] Level 1:colcon.colcon_core.package_identification:_identify(src/ugv_base_driver) by extension 'ignore'
[0.264s] Level 1:colcon.colcon_core.package_identification:_identify(src/ugv_base_driver) by extension 'ignore_ament_install'
[0.264s] Level 1:colcon.colcon_core.package_identification:_identify(src/ugv_base_driver) by extensions ['colcon_pkg']
[0.264s] Level 1:colcon.colcon_core.package_identification:_identify(src/ugv_base_driver) by extension 'colcon_pkg'
[0.264s] Level 1:colcon.colcon_core.package_identification:_identify(src/ugv_base_driver) by extensions ['colcon_meta']
[0.264s] Level 1:colcon.colcon_core.package_identification:_identify(src/ugv_base_driver) by extension 'colcon_meta'
[0.264s] Level 1:colcon.colcon_core.package_identification:_identify(src/ugv_base_driver) by extensions ['ros']
[0.264s] Level 1:colcon.colcon_core.package_identification:_identify(src/ugv_base_driver) by extension 'ros'
[0.265s] DEBUG:colcon.colcon_core.package_identification:Package 'src/ugv_base_driver' with type 'ros.ament_cmake' and name 'ugv_base_driver'
[0.265s] Level 1:colcon.colcon_core.package_identification:_identify(src/ugv_bringup) by extensions ['ignore', 'ignore_ament_install']
[0.265s] Level 1:colcon.colcon_core.package_identification:_identify(src/ugv_bringup) by extension 'ignore'
[0.265s] Level 1:colcon.colcon_core.package_identification:_identify(src/ugv_bringup) by extension 'ignore_ament_install'
[0.265s] Level 1:colcon.colcon_core.package_identification:_identify(src/ugv_bringup) by extensions ['colcon_pkg']
[0.265s] Level 1:colcon.colcon_core.package_identification:_identify(src/ugv_bringup) by extension 'colcon_pkg'
[0.266s] Level 1:colcon.colcon_core.package_identification:_identify(src/ugv_bringup) by extensions ['colcon_meta']
[0.266s] Level 1:colcon.colcon_core.package_identification:_identify(src/ugv_bringup) by extension 'colcon_meta'
[0.266s] Level 1:colcon.colcon_core.package_identification:_identify(src/ugv_bringup) by extensions ['ros']
[0.266s] Level 1:colcon.colcon_core.package_identification:_identify(src/ugv_bringup) by extension 'ros'
[0.266s] DEBUG:colcon.colcon_core.package_identification:Package 'src/ugv_bringup' with type 'ros.ament_python' and name 'ugv_bringup'
[0.267s] Level 1:colcon.colcon_core.package_identification:_identify(src/ugv_description) by extensions ['ignore', 'ignore_ament_install']
[0.267s] Level 1:colcon.colcon_core.package_identification:_identify(src/ugv_description) by extension 'ignore'
[0.267s] Level 1:colcon.colcon_core.package_identification:_identify(src/ugv_description) by extension 'ignore_ament_install'
[0.267s] Level 1:colcon.colcon_core.package_identification:_identify(src/ugv_description) by extensions ['colcon_pkg']
[0.267s] Level 1:colcon.colcon_core.package_identification:_identify(src/ugv_description) by extension 'colcon_pkg'
[0.267s] Level 1:colcon.colcon_core.package_identification:_identify(src/ugv_description) by extensions ['colcon_meta']
[0.267s] Level 1:colcon.colcon_core.package_identification:_identify(src/ugv_description) by extension 'colcon_meta'
[0.267s] Level 1:colcon.colcon_core.package_identification:_identify(src/ugv_description) by extensions ['ros']
[0.267s] Level 1:colcon.colcon_core.package_identification:_identify(src/ugv_description) by extension 'ros'
[0.267s] DEBUG:colcon.colcon_core.package_identification:Package 'src/ugv_description' with type 'ros.ament_python' and name 'ugv_description'
[0.268s] Level 1:colcon.colcon_core.package_identification:_identify(src/ugv_safety_watchdog) by extensions ['ignore', 'ignore_ament_install']
[0.268s] Level 1:colcon.colcon_core.package_identification:_identify(src/ugv_safety_watchdog) by extension 'ignore'
[0.268s] Level 1:colcon.colcon_core.package_identification:_identify(src/ugv_safety_watchdog) by extension 'ignore_ament_install'
[0.268s] Level 1:colcon.colcon_core.package_identification:_identify(src/ugv_safety_watchdog) by extensions ['colcon_pkg']
[0.268s] Level 1:colcon.colcon_core.package_identification:_identify(src/ugv_safety_watchdog) by extension 'colcon_pkg'
[0.268s] Level 1:colcon.colcon_core.package_identification:_identify(src/ugv_safety_watchdog) by extensions ['colcon_meta']
[0.268s] Level 1:colcon.colcon_core.package_identification:_identify(src/ugv_safety_watchdog) by extension 'colcon_meta'
[0.268s] Level 1:colcon.colcon_core.package_identification:_identify(src/ugv_safety_watchdog) by extensions ['ros']
[0.268s] Level 1:colcon.colcon_core.package_identification:_identify(src/ugv_safety_watchdog) by extension 'ros'
[0.268s] DEBUG:colcon.colcon_core.package_identification:Package 'src/ugv_safety_watchdog' with type 'ros.ament_cmake' and name 'ugv_safety_watchdog'
[0.269s] Level 1:colcon.colcon_core.package_identification:_identify(src/ugv_slam_tools) by extensions ['ignore', 'ignore_ament_install']
[0.269s] Level 1:colcon.colcon_core.package_identification:_identify(src/ugv_slam_tools) by extension 'ignore'
[0.269s] Level 1:colcon.colcon_core.package_identification:_identify(src/ugv_slam_tools) by extension 'ignore_ament_install'
[0.269s] Level 1:colcon.colcon_core.package_identification:_identify(src/ugv_slam_tools) by extensions ['colcon_pkg']
[0.269s] Level 1:colcon.colcon_core.package_identification:_identify(src/ugv_slam_tools) by extension 'colcon_pkg'
[0.269s] Level 1:colcon.colcon_core.package_identification:_identify(src/ugv_slam_tools) by extensions ['colcon_meta']
[0.269s] Level 1:colcon.colcon_core.package_identification:_identify(src/ugv_slam_tools) by extension 'colcon_meta'
[0.269s] Level 1:colcon.colcon_core.package_identification:_identify(src/ugv_slam_tools) by extensions ['ros']
[0.269s] Level 1:colcon.colcon_core.package_identification:_identify(src/ugv_slam_tools) by extension 'ros'
[0.270s] DEBUG:colcon.colcon_core.package_identification:Package 'src/ugv_slam_tools' with type 'ros.ament_cmake' and name 'ugv_slam_tools'
[0.270s] Level 1:colcon.colcon_core.package_identification:_identify(src/ugv_teleop) by extensions ['ignore', 'ignore_ament_install']
[0.270s] Level 1:colcon.colcon_core.package_identification:_identify(src/ugv_teleop) by extension 'ignore'
[0.270s] Level 1:colcon.colcon_core.package_identification:_identify(src/ugv_teleop) by extension 'ignore_ament_install'
[0.270s] Level 1:colcon.colcon_core.package_identification:_identify(src/ugv_teleop) by extensions ['colcon_pkg']
[0.270s] Level 1:colcon.colcon_core.package_identification:_identify(src/ugv_teleop) by extension 'colcon_pkg'
[0.270s] Level 1:colcon.colcon_core.package_identification:_identify(src/ugv_teleop) by extensions ['colcon_meta']
[0.270s] Level 1:colcon.colcon_core.package_identification:_identify(src/ugv_teleop) by extension 'colcon_meta'
[0.270s] Level 1:colcon.colcon_core.package_identification:_identify(src/ugv_teleop) by extensions ['ros']
[0.270s] Level 1:colcon.colcon_core.package_identification:_identify(src/ugv_teleop) by extension 'ros'
[0.270s] DEBUG:colcon.colcon_core.package_identification:Package 'src/ugv_teleop' with type 'ros.ament_cmake' and name 'ugv_teleop'
[0.270s] Level 1:colcon.colcon_core.package_discovery:discover_packages(recursive) using defaults
[0.270s] Level 1:colcon.colcon_core.package_discovery:discover_packages(ignore) discover
[0.270s] Level 1:colcon.colcon_core.package_discovery:discover_packages(ignore) using defaults
[0.270s] Level 1:colcon.colcon_core.package_discovery:discover_packages(path) discover
[0.270s] Level 1:colcon.colcon_core.package_discovery:discover_packages(path) using defaults
[0.292s] Level 5:colcon.colcon_core.verb:set package 'lslidar_msgs' build argument 'cmake_args' from command line to 'None'
[0.292s] Level 5:colcon.colcon_core.verb:set package 'lslidar_msgs' build argument 'cmake_target' from command line to 'None'
[0.293s] Level 5:colcon.colcon_core.verb:set package 'lslidar_msgs' build argument 'cmake_target_skip_unavailable' from command line to 'False'
[0.293s] Level 5:colcon.colcon_core.verb:set package 'lslidar_msgs' build argument 'cmake_clean_cache' from command line to 'False'
[0.293s] Level 5:colcon.colcon_core.verb:set package 'lslidar_msgs' build argument 'cmake_clean_first' from command line to 'False'
[0.293s] Level 5:colcon.colcon_core.verb:set package 'lslidar_msgs' build argument 'cmake_force_configure' from command line to 'False'
[0.293s] Level 5:colcon.colcon_core.verb:set package 'lslidar_msgs' build argument 'ament_cmake_args' from command line to 'None'
[0.293s] Level 5:colcon.colcon_core.verb:set package 'lslidar_msgs' build argument 'catkin_cmake_args' from command line to 'None'
[0.293s] Level 5:colcon.colcon_core.verb:set package 'lslidar_msgs' build argument 'catkin_skip_building_tests' from command line to 'False'
[0.293s] DEBUG:colcon.colcon_core.verb:Building package 'lslidar_msgs' with the following arguments: {'ament_cmake_args': None, 'build_base': '/home/th1rt3en/doco/dev_full/src/workspace/doco_ugv/build/lslidar_msgs', 'catkin_cmake_args': None, 'catkin_skip_building_tests': False, 'cmake_args': None, 'cmake_clean_cache': False, 'cmake_clean_first': False, 'cmake_force_configure': False, 'cmake_target': None, 'cmake_target_skip_unavailable': False, 'install_base': '/home/th1rt3en/doco/dev_full/src/workspace/doco_ugv/install/lslidar_msgs', 'merge_install': False, 'path': '/home/th1rt3en/doco/dev_full/src/workspace/doco_ugv/src/lslidar_driver/lslidar_msgs', 'symlink_install': False, 'test_result_base': None}
[0.293s] Level 5:colcon.colcon_core.verb:set package 'ugv_base_driver' build argument 'cmake_args' from command line to 'None'
[0.293s] Level 5:colcon.colcon_core.verb:set package 'ugv_base_driver' build argument 'cmake_target' from command line to 'None'
[0.293s] Level 5:colcon.colcon_core.verb:set package 'ugv_base_driver' build argument 'cmake_target_skip_unavailable' from command line to 'False'
[0.293s] Level 5:colcon.colcon_core.verb:set package 'ugv_base_driver' build argument 'cmake_clean_cache' from command line to 'False'
[0.293s] Level 5:colcon.colcon_core.verb:set package 'ugv_base_driver' build argument 'cmake_clean_first' from command line to 'False'
[0.293s] Level 5:colcon.colcon_core.verb:set package 'ugv_base_driver' build argument 'cmake_force_configure' from command line to 'False'
[0.293s] Level 5:colcon.colcon_core.verb:set package 'ugv_base_driver' build argument 'ament_cmake_args' from command line to 'None'
[0.293s] Level 5:colcon.colcon_core.verb:set package 'ugv_base_driver' build argument 'catkin_cmake_args' from command line to 'None'
[0.293s] Level 5:colcon.colcon_core.verb:set package 'ugv_base_driver' build argument 'catkin_skip_building_tests' from command line to 'False'
[0.293s] DEBUG:colcon.colcon_core.verb:Building package 'ugv_base_driver' with the following arguments: {'ament_cmake_args': None, 'build_base': '/home/th1rt3en/doco/dev_full/src/workspace/doco_ugv/build/ugv_base_driver', 'catkin_cmake_args': None, 'catkin_skip_building_tests': False, 'cmake_args': None, 'cmake_clean_cache': False, 'cmake_clean_first': False, 'cmake_force_configure': False, 'cmake_target': None, 'cmake_target_skip_unavailable': False, 'install_base': '/home/th1rt3en/doco/dev_full/src/workspace/doco_ugv/install/ugv_base_driver', 'merge_install': False, 'path': '/home/th1rt3en/doco/dev_full/src/workspace/doco_ugv/src/ugv_base_driver', 'symlink_install': False, 'test_result_base': None}
[0.293s] Level 5:colcon.colcon_core.verb:set package 'ugv_description' build argument 'cmake_args' from command line to 'None'
[0.293s] Level 5:colcon.colcon_core.verb:set package 'ugv_description' build argument 'cmake_target' from command line to 'None'
[0.293s] Level 5:colcon.colcon_core.verb:set package 'ugv_description' build argument 'cmake_target_skip_unavailable' from command line to 'False'
[0.293s] Level 5:colcon.colcon_core.verb:set package 'ugv_description' build argument 'cmake_clean_cache' from command line to 'False'
[0.293s] Level 5:colcon.colcon_core.verb:set package 'ugv_description' build argument 'cmake_clean_first' from command line to 'False'
[0.293s] Level 5:colcon.colcon_core.verb:set package 'ugv_description' build argument 'cmake_force_configure' from command line to 'False'
[0.293s] Level 5:colcon.colcon_core.verb:set package 'ugv_description' build argument 'ament_cmake_args' from command line to 'None'
[0.294s] Level 5:colcon.colcon_core.verb:set package 'ugv_description' build argument 'catkin_cmake_args' from command line to 'None'
[0.294s] Level 5:colcon.colcon_core.verb:set package 'ugv_description' build argument 'catkin_skip_building_tests' from command line to 'False'
[0.294s] DEBUG:colcon.colcon_core.verb:Building package 'ugv_description' with the following arguments: {'ament_cmake_args': None, 'build_base': '/home/th1rt3en/doco/dev_full/src/workspace/doco_ugv/build/ugv_description', 'catkin_cmake_args': None, 'catkin_skip_building_tests': False, 'cmake_args': None, 'cmake_clean_cache': False, 'cmake_clean_first': False, 'cmake_force_configure': False, 'cmake_target': None, 'cmake_target_skip_unavailable': False, 'install_base': '/home/th1rt3en/doco/dev_full/src/workspace/doco_ugv/install/ugv_description', 'merge_install': False, 'path': '/home/th1rt3en/doco/dev_full/src/workspace/doco_ugv/src/ugv_description', 'symlink_install': False, 'test_result_base': None}
[0.294s] Level 5:colcon.colcon_core.verb:set package 'ugv_safety_watchdog' build argument 'cmake_args' from command line to 'None'
[0.294s] Level 5:colcon.colcon_core.verb:set package 'ugv_safety_watchdog' build argument 'cmake_target' from command line to 'None'
[0.294s] Level 5:colcon.colcon_core.verb:set package 'ugv_safety_watchdog' build argument 'cmake_target_skip_unavailable' from command line to 'False'
[0.294s] Level 5:colcon.colcon_core.verb:set package 'ugv_safety_watchdog' build argument 'cmake_clean_cache' from command line to 'False'
[0.294s] Level 5:colcon.colcon_core.verb:set package 'ugv_safety_watchdog' build argument 'cmake_clean_first' from command line to 'False'
[0.294s] Level 5:colcon.colcon_core.verb:set package 'ugv_safety_watchdog' build argument 'cmake_force_configure' from command line to 'False'
[0.294s] Level 5:colcon.colcon_core.verb:set package 'ugv_safety_watchdog' build argument 'ament_cmake_args' from command line to 'None'
[0.294s] Level 5:colcon.colcon_core.verb:set package 'ugv_safety_watchdog' build argument 'catkin_cmake_args' from command line to 'None'
[0.294s] Level 5:colcon.colcon_core.verb:set package 'ugv_safety_watchdog' build argument 'catkin_skip_building_tests' from command line to 'False'
[0.294s] DEBUG:colcon.colcon_core.verb:Building package 'ugv_safety_watchdog' with the following arguments: {'ament_cmake_args': None, 'build_base': '/home/th1rt3en/doco/dev_full/src/workspace/doco_ugv/build/ugv_safety_watchdog', 'catkin_cmake_args': None, 'catkin_skip_building_tests': False, 'cmake_args': None, 'cmake_clean_cache': False, 'cmake_clean_first': False, 'cmake_force_configure': False, 'cmake_target': None, 'cmake_target_skip_unavailable': False, 'install_base': '/home/th1rt3en/doco/dev_full/src/workspace/doco_ugv/install/ugv_safety_watchdog', 'merge_install': False, 'path': '/home/th1rt3en/doco/dev_full/src/workspace/doco_ugv/src/ugv_safety_watchdog', 'symlink_install': False, 'test_result_base': None}
[0.294s] Level 5:colcon.colcon_core.verb:set package 'ugv_slam_tools' build argument 'cmake_args' from command line to 'None'
[0.294s] Level 5:colcon.colcon_core.verb:set package 'ugv_slam_tools' build argument 'cmake_target' from command line to 'None'
[0.294s] Level 5:colcon.colcon_core.verb:set package 'ugv_slam_tools' build argument 'cmake_target_skip_unavailable' from command line to 'False'
[0.294s] Level 5:colcon.colcon_core.verb:set package 'ugv_slam_tools' build argument 'cmake_clean_cache' from command line to 'False'
[0.294s] Level 5:colcon.colcon_core.verb:set package 'ugv_slam_tools' build argument 'cmake_clean_first' from command line to 'False'
[0.294s] Level 5:colcon.colcon_core.verb:set package 'ugv_slam_tools' build argument 'cmake_force_configure' from command line to 'False'
[0.294s] Level 5:colcon.colcon_core.verb:set package 'ugv_slam_tools' build argument 'ament_cmake_args' from command line to 'None'
[0.294s] Level 5:colcon.colcon_core.verb:set package 'ugv_slam_tools' build argument 'catkin_cmake_args' from command line to 'None'
[0.294s] Level 5:colcon.colcon_core.verb:set package 'ugv_slam_tools' build argument 'catkin_skip_building_tests' from command line to 'False'
[0.294s] DEBUG:colcon.colcon_core.verb:Building package 'ugv_slam_tools' with the following arguments: {'ament_cmake_args': None, 'build_base': '/home/th1rt3en/doco/dev_full/src/workspace/doco_ugv/build/ugv_slam_tools', 'catkin_cmake_args': None, 'catkin_skip_building_tests': False, 'cmake_args': None, 'cmake_clean_cache': False, 'cmake_clean_first': False, 'cmake_force_configure': False, 'cmake_target': None, 'cmake_target_skip_unavailable': False, 'install_base': '/home/th1rt3en/doco/dev_full/src/workspace/doco_ugv/install/ugv_slam_tools', 'merge_install': False, 'path': '/home/th1rt3en/doco/dev_full/src/workspace/doco_ugv/src/ugv_slam_tools', 'symlink_install': False, 'test_result_base': None}
[0.295s] Level 5:colcon.colcon_core.verb:set package 'ugv_teleop' build argument 'cmake_args' from command line to 'None'
[0.295s] Level 5:colcon.colcon_core.verb:set package 'ugv_teleop' build argument 'cmake_target' from command line to 'None'
[0.295s] Level 5:colcon.colcon_core.verb:set package 'ugv_teleop' build argument 'cmake_target_skip_unavailable' from command line to 'False'
[0.295s] Level 5:colcon.colcon_core.verb:set package 'ugv_teleop' build argument 'cmake_clean_cache' from command line to 'False'
[0.295s] Level 5:colcon.colcon_core.verb:set package 'ugv_teleop' build argument 'cmake_clean_first' from command line to 'False'
[0.295s] Level 5:colcon.colcon_core.verb:set package 'ugv_teleop' build argument 'cmake_force_configure' from command line to 'False'
[0.295s] Level 5:colcon.colcon_core.verb:set package 'ugv_teleop' build argument 'ament_cmake_args' from command line to 'None'
[0.295s] Level 5:colcon.colcon_core.verb:set package 'ugv_teleop' build argument 'catkin_cmake_args' from command line to 'None'
[0.295s] Level 5:colcon.colcon_core.verb:set package 'ugv_teleop' build argument 'catkin_skip_building_tests' from command line to 'False'
[0.295s] DEBUG:colcon.colcon_core.verb:Building package 'ugv_teleop' with the following arguments: {'ament_cmake_args': None, 'build_base': '/home/th1rt3en/doco/dev_full/src/workspace/doco_ugv/build/ugv_teleop', 'catkin_cmake_args': None, 'catkin_skip_building_tests': False, 'cmake_args': None, 'cmake_clean_cache': False, 'cmake_clean_first': False, 'cmake_force_configure': False, 'cmake_target': None, 'cmake_target_skip_unavailable': False, 'install_base': '/home/th1rt3en/doco/dev_full/src/workspace/doco_ugv/install/ugv_teleop', 'merge_install': False, 'path': '/home/th1rt3en/doco/dev_full/src/workspace/doco_ugv/src/ugv_teleop', 'symlink_install': False, 'test_result_base': None}
[0.295s] Level 5:colcon.colcon_core.verb:set package 'lslidar_driver' build argument 'cmake_args' from command line to 'None'
[0.295s] Level 5:colcon.colcon_core.verb:set package 'lslidar_driver' build argument 'cmake_target' from command line to 'None'
[0.295s] Level 5:colcon.colcon_core.verb:set package 'lslidar_driver' build argument 'cmake_target_skip_unavailable' from command line to 'False'
[0.295s] Level 5:colcon.colcon_core.verb:set package 'lslidar_driver' build argument 'cmake_clean_cache' from command line to 'False'
[0.295s] Level 5:colcon.colcon_core.verb:set package 'lslidar_driver' build argument 'cmake_clean_first' from command line to 'False'
[0.295s] Level 5:colcon.colcon_core.verb:set package 'lslidar_driver' build argument 'cmake_force_configure' from command line to 'False'
[0.295s] Level 5:colcon.colcon_core.verb:set package 'lslidar_driver' build argument 'ament_cmake_args' from command line to 'None'
[0.295s] Level 5:colcon.colcon_core.verb:set package 'lslidar_driver' build argument 'catkin_cmake_args' from command line to 'None'
[0.295s] Level 5:colcon.colcon_core.verb:set package 'lslidar_driver' build argument 'catkin_skip_building_tests' from command line to 'False'
[0.295s] DEBUG:colcon.colcon_core.verb:Building package 'lslidar_driver' with the following arguments: {'ament_cmake_args': None, 'build_base': '/home/th1rt3en/doco/dev_full/src/workspace/doco_ugv/build/lslidar_driver', 'catkin_cmake_args': None, 'catkin_skip_building_tests': False, 'cmake_args': None, 'cmake_clean_cache': False, 'cmake_clean_first': False, 'cmake_force_configure': False, 'cmake_target': None, 'cmake_target_skip_unavailable': False, 'install_base': '/home/th1rt3en/doco/dev_full/src/workspace/doco_ugv/install/lslidar_driver', 'merge_install': False, 'path': '/home/th1rt3en/doco/dev_full/src/workspace/doco_ugv/src/lslidar_driver/lslidar_driver', 'symlink_install': False, 'test_result_base': None}
[0.295s] Level 5:colcon.colcon_core.verb:set package 'ugv_bringup' build argument 'cmake_args' from command line to 'None'
[0.295s] Level 5:colcon.colcon_core.verb:set package 'ugv_bringup' build argument 'cmake_target' from command line to 'None'
[0.295s] Level 5:colcon.colcon_core.verb:set package 'ugv_bringup' build argument 'cmake_target_skip_unavailable' from command line to 'False'
[0.295s] Level 5:colcon.colcon_core.verb:set package 'ugv_bringup' build argument 'cmake_clean_cache' from command line to 'False'
[0.295s] Level 5:colcon.colcon_core.verb:set package 'ugv_bringup' build argument 'cmake_clean_first' from command line to 'False'
[0.295s] Level 5:colcon.colcon_core.verb:set package 'ugv_bringup' build argument 'cmake_force_configure' from command line to 'False'
[0.295s] Level 5:colcon.colcon_core.verb:set package 'ugv_bringup' build argument 'ament_cmake_args' from command line to 'None'
[0.295s] Level 5:colcon.colcon_core.verb:set package 'ugv_bringup' build argument 'catkin_cmake_args' from command line to 'None'
[0.295s] Level 5:colcon.colcon_core.verb:set package 'ugv_bringup' build argument 'catkin_skip_building_tests' from command line to 'False'
[0.295s] DEBUG:colcon.colcon_core.verb:Building package 'ugv_bringup' with the following arguments: {'ament_cmake_args': None, 'build_base': '/home/th1rt3en/doco/dev_full/src/workspace/doco_ugv/build/ugv_bringup', 'catkin_cmake_args': None, 'catkin_skip_building_tests': False, 'cmake_args': None, 'cmake_clean_cache': False, 'cmake_clean_first': False, 'cmake_force_configure': False, 'cmake_target': None, 'cmake_target_skip_unavailable': False, 'install_base': '/home/th1rt3en/doco/dev_full/src/workspace/doco_ugv/install/ugv_bringup', 'merge_install': False, 'path': '/home/th1rt3en/doco/dev_full/src/workspace/doco_ugv/src/ugv_bringup', 'symlink_install': False, 'test_result_base': None}
[0.295s] INFO:colcon.colcon_core.executor:Executing jobs using 'parallel' executor
[0.296s] DEBUG:colcon.colcon_parallel_executor.executor.parallel:run_until_complete
[0.297s] INFO:colcon.colcon_ros.task.ament_cmake.build:Building ROS package in '/home/th1rt3en/doco/dev_full/src/workspace/doco_ugv/src/lslidar_driver/lslidar_msgs' with build type 'ament_cmake'
[0.297s] INFO:colcon.colcon_cmake.task.cmake.build:Building CMake package in '/home/th1rt3en/doco/dev_full/src/workspace/doco_ugv/src/lslidar_driver/lslidar_msgs'
[0.299s] INFO:colcon.colcon_core.plugin_system:Skipping extension 'colcon_core.shell.bat': Not used on non-Windows systems
[0.299s] INFO:colcon.colcon_core.shell:Skip shell extension 'powershell' for command environment: Not usable outside of PowerShell
[0.299s] DEBUG:colcon.colcon_core.shell:Skip shell extension 'dsv' for command environment
[0.305s] INFO:colcon.colcon_ros.task.ament_cmake.build:Building ROS package in '/home/th1rt3en/doco/dev_full/src/workspace/doco_ugv/src/ugv_base_driver' with build type 'ament_cmake'
[0.305s] INFO:colcon.colcon_cmake.task.cmake.build:Building CMake package in '/home/th1rt3en/doco/dev_full/src/workspace/doco_ugv/src/ugv_base_driver'
[0.306s] INFO:colcon.colcon_core.shell:Skip shell extension 'powershell' for command environment: Not usable outside of PowerShell
[0.306s] DEBUG:colcon.colcon_core.shell:Skip shell extension 'dsv' for command environment
[0.313s] INFO:colcon.colcon_ros.task.ament_python.build:Building ROS package in '/home/th1rt3en/doco/dev_full/src/workspace/doco_ugv/src/ugv_description' with build type 'ament_python'
[0.313s] Level 1:colcon.colcon_core.shell:create_environment_hook('ugv_description', 'ament_prefix_path')
[0.314s] INFO:colcon.colcon_core.shell:Creating environment hook '/home/th1rt3en/doco/dev_full/src/workspace/doco_ugv/install/ugv_description/share/ugv_description/hook/ament_prefix_path.ps1'
[0.315s] INFO:colcon.colcon_core.shell:Creating environment descriptor '/home/th1rt3en/doco/dev_full/src/workspace/doco_ugv/install/ugv_description/share/ugv_description/hook/ament_prefix_path.dsv'
[0.315s] INFO:colcon.colcon_core.shell:Creating environment hook '/home/th1rt3en/doco/dev_full/src/workspace/doco_ugv/install/ugv_description/share/ugv_description/hook/ament_prefix_path.sh'
[0.316s] INFO:colcon.colcon_core.shell:Skip shell extension 'powershell' for command environment: Not usable outside of PowerShell
[0.316s] DEBUG:colcon.colcon_core.shell:Skip shell extension 'dsv' for command environment
[0.318s] INFO:colcon.colcon_ros.task.ament_cmake.build:Building ROS package in '/home/th1rt3en/doco/dev_full/src/workspace/doco_ugv/src/ugv_safety_watchdog' with build type 'ament_cmake'
[0.318s] INFO:colcon.colcon_cmake.task.cmake.build:Building CMake package in '/home/th1rt3en/doco/dev_full/src/workspace/doco_ugv/src/ugv_safety_watchdog'
[0.318s] INFO:colcon.colcon_core.shell:Skip shell extension 'powershell' for command environment: Not usable outside of PowerShell
[0.318s] DEBUG:colcon.colcon_core.shell:Skip shell extension 'dsv' for command environment
[0.320s] INFO:colcon.colcon_ros.task.ament_cmake.build:Building ROS package in '/home/th1rt3en/doco/dev_full/src/workspace/doco_ugv/src/ugv_slam_tools' with build type 'ament_cmake'
[0.320s] INFO:colcon.colcon_cmake.task.cmake.build:Building CMake package in '/home/th1rt3en/doco/dev_full/src/workspace/doco_ugv/src/ugv_slam_tools'
[0.320s] INFO:colcon.colcon_core.shell:Skip shell extension 'powershell' for command environment: Not usable outside of PowerShell
[0.321s] DEBUG:colcon.colcon_core.shell:Skip shell extension 'dsv' for command environment
[0.323s] INFO:colcon.colcon_ros.task.ament_cmake.build:Building ROS package in '/home/th1rt3en/doco/dev_full/src/workspace/doco_ugv/src/ugv_teleop' with build type 'ament_cmake'
[0.323s] INFO:colcon.colcon_cmake.task.cmake.build:Building CMake package in '/home/th1rt3en/doco/dev_full/src/workspace/doco_ugv/src/ugv_teleop'
[0.323s] INFO:colcon.colcon_core.shell:Skip shell extension 'powershell' for command environment: Not usable outside of PowerShell
[0.323s] DEBUG:colcon.colcon_core.shell:Skip shell extension 'dsv' for command environment
[0.364s] DEBUG:colcon.colcon_core.event_handler.log_command:Invoking command in '/home/th1rt3en/doco/dev_full/src/workspace/doco_ugv/build/lslidar_msgs': CMAKE_PREFIX_PATH=/opt/ros/humble /usr/bin/cmake /home/th1rt3en/doco/dev_full/src/workspace/doco_ugv/src/lslidar_driver/lslidar_msgs -DCMAKE_INSTALL_PREFIX=/home/th1rt3en/doco/dev_full/src/workspace/doco_ugv/install/lslidar_msgs
[0.366s] DEBUG:colcon.colcon_core.event_handler.log_command:Invoking command in '/home/th1rt3en/doco/dev_full/src/workspace/doco_ugv/build/ugv_base_driver': CMAKE_PREFIX_PATH=/opt/ros/humble /usr/bin/cmake /home/th1rt3en/doco/dev_full/src/workspace/doco_ugv/src/ugv_base_driver -DCMAKE_INSTALL_PREFIX=/home/th1rt3en/doco/dev_full/src/workspace/doco_ugv/install/ugv_base_driver
[0.654s] INFO:colcon.colcon_core.task.python.build:Building Python package in '/home/th1rt3en/doco/dev_full/src/workspace/doco_ugv/src/ugv_description'
[0.655s] INFO:colcon.colcon_core.shell:Skip shell extension 'powershell' for command environment: Not usable outside of PowerShell
[0.655s] DEBUG:colcon.colcon_core.shell:Skip shell extension 'dsv' for command environment
[0.666s] DEBUG:colcon.colcon_core.event_handler.log_command:Invoking command in '/home/th1rt3en/doco/dev_full/src/workspace/doco_ugv/build/ugv_safety_watchdog': CMAKE_PREFIX_PATH=/opt/ros/humble /usr/bin/cmake /home/th1rt3en/doco/dev_full/src/workspace/doco_ugv/src/ugv_safety_watchdog -DCMAKE_INSTALL_PREFIX=/home/th1rt3en/doco/dev_full/src/workspace/doco_ugv/install/ugv_safety_watchdog
[0.670s] DEBUG:colcon.colcon_core.event_handler.log_command:Invoking command in '/home/th1rt3en/doco/dev_full/src/workspace/doco_ugv/build/ugv_slam_tools': CMAKE_PREFIX_PATH=/opt/ros/humble /usr/bin/cmake /home/th1rt3en/doco/dev_full/src/workspace/doco_ugv/src/ugv_slam_tools -DCMAKE_INSTALL_PREFIX=/home/th1rt3en/doco/dev_full/src/workspace/doco_ugv/install/ugv_slam_tools
[0.674s] DEBUG:colcon.colcon_core.event_handler.log_command:Invoking command in '/home/th1rt3en/doco/dev_full/src/workspace/doco_ugv/build/ugv_teleop': CMAKE_PREFIX_PATH=/opt/ros/humble /usr/bin/cmake /home/th1rt3en/doco/dev_full/src/workspace/doco_ugv/src/ugv_teleop -DCMAKE_INSTALL_PREFIX=/home/th1rt3en/doco/dev_full/src/workspace/doco_ugv/install/ugv_teleop
[1.206s] DEBUG:colcon.colcon_core.event_handler.log_command:Invoking command in '/home/th1rt3en/doco/dev_full/src/workspace/doco_ugv/src/ugv_description': PYTHONPATH=/home/th1rt3en/doco/dev_full/src/workspace/doco_ugv/build/ugv_description/prefix_override:/home/th1rt3en/.local/lib/python3.10/site-packages/colcon_core/task/python/colcon_distutils_commands:/home/th1rt3en/doco/dev_full/src/workspace/doco_ugv/install/ugv_description/lib/python3.10/site-packages:${PYTHONPATH} /usr/bin/python3 -W ignore:setup.py install is deprecated -W ignore:easy_install command is deprecated setup.py egg_info --egg-base ../../build/ugv_description build --build-base /home/th1rt3en/doco/dev_full/src/workspace/doco_ugv/build/ugv_description/build install --record /home/th1rt3en/doco/dev_full/src/workspace/doco_ugv/build/ugv_description/install.log --single-version-externally-managed install_data
[1.490s] DEBUG:colcon.colcon_core.event_handler.log_command:Invoked command in '/home/th1rt3en/doco/dev_full/src/workspace/doco_ugv/build/ugv_safety_watchdog' returned '1': CMAKE_PREFIX_PATH=/opt/ros/humble /usr/bin/cmake /home/th1rt3en/doco/dev_full/src/workspace/doco_ugv/src/ugv_safety_watchdog -DCMAKE_INSTALL_PREFIX=/home/th1rt3en/doco/dev_full/src/workspace/doco_ugv/install/ugv_safety_watchdog
[1.506s] Level 1:colcon.colcon_core.environment:create_environment_scripts_only(ugv_safety_watchdog)
[1.511s] Level 1:colcon.colcon_core.environment:checking '/home/th1rt3en/doco/dev_full/src/workspace/doco_ugv/install/ugv_safety_watchdog' for CMake module files
[1.512s] Level 1:colcon.colcon_core.environment:checking '/home/th1rt3en/doco/dev_full/src/workspace/doco_ugv/install/ugv_safety_watchdog' for CMake config files
[1.512s] Level 1:colcon.colcon_core.environment:checking '/home/th1rt3en/doco/dev_full/src/workspace/doco_ugv/install/ugv_safety_watchdog/bin'
[1.512s] Level 1:colcon.colcon_core.environment:checking '/home/th1rt3en/doco/dev_full/src/workspace/doco_ugv/install/ugv_safety_watchdog/lib/pkgconfig/ugv_safety_watchdog.pc'
[1.512s] Level 1:colcon.colcon_core.environment:checking '/home/th1rt3en/doco/dev_full/src/workspace/doco_ugv/install/ugv_safety_watchdog/lib/python3.10/site-packages'
[1.513s] Level 1:colcon.colcon_core.environment:checking '/home/th1rt3en/doco/dev_full/src/workspace/doco_ugv/install/ugv_safety_watchdog/bin'
[1.513s] INFO:colcon.colcon_core.shell:Creating package script '/home/th1rt3en/doco/dev_full/src/workspace/doco_ugv/install/ugv_safety_watchdog/share/ugv_safety_watchdog/package.ps1'
[1.514s] INFO:colcon.colcon_core.shell:Creating package descriptor '/home/th1rt3en/doco/dev_full/src/workspace/doco_ugv/install/ugv_safety_watchdog/share/ugv_safety_watchdog/package.dsv'
[1.515s] INFO:colcon.colcon_core.shell:Creating package script '/home/th1rt3en/doco/dev_full/src/workspace/doco_ugv/install/ugv_safety_watchdog/share/ugv_safety_watchdog/package.sh'
[1.515s] INFO:colcon.colcon_core.shell:Creating package script '/home/th1rt3en/doco/dev_full/src/workspace/doco_ugv/install/ugv_safety_watchdog/share/ugv_safety_watchdog/package.bash'
[1.516s] INFO:colcon.colcon_core.shell:Creating package script '/home/th1rt3en/doco/dev_full/src/workspace/doco_ugv/install/ugv_safety_watchdog/share/ugv_safety_watchdog/package.zsh'
[1.516s] Level 1:colcon.colcon_core.environment:create_file_with_runtime_dependencies(/home/th1rt3en/doco/dev_full/src/workspace/doco_ugv/install/ugv_safety_watchdog/share/colcon-core/packages/ugv_safety_watchdog)
[3.202s] DEBUG:colcon.colcon_parallel_executor.executor.parallel:closing loop
[3.202s] DEBUG:colcon.colcon_parallel_executor.executor.parallel:loop closed
[3.202s] DEBUG:colcon.colcon_parallel_executor.executor.parallel:run_until_complete finished with '1'
[3.202s] DEBUG:colcon.colcon_core.event_reactor:joining thread
[3.208s] INFO:colcon.colcon_core.plugin_system:Skipping extension 'colcon_notification.desktop_notification.terminal_notifier': Not used on non-Darwin systems
[3.208s] INFO:colcon.colcon_core.plugin_system:Skipping extension 'colcon_notification.desktop_notification.win32': Not used on non-Windows systems
[3.208s] INFO:colcon.colcon_notification.desktop_notification:Sending desktop notification using 'notify2'
[3.219s] DEBUG:colcon.colcon_core.event_reactor:joined thread
[3.220s] INFO:colcon.colcon_core.shell:Creating prefix script '/home/th1rt3en/doco/dev_full/src/workspace/doco_ugv/install/local_setup.ps1'
[3.221s] INFO:colcon.colcon_core.shell:Creating prefix util module '/home/th1rt3en/doco/dev_full/src/workspace/doco_ugv/install/_local_setup_util_ps1.py'
[3.222s] INFO:colcon.colcon_core.shell:Creating prefix chain script '/home/th1rt3en/doco/dev_full/src/workspace/doco_ugv/install/setup.ps1'
[3.223s] INFO:colcon.colcon_core.shell:Creating prefix script '/home/th1rt3en/doco/dev_full/src/workspace/doco_ugv/install/local_setup.sh'
[3.223s] INFO:colcon.colcon_core.shell:Creating prefix util module '/home/th1rt3en/doco/dev_full/src/workspace/doco_ugv/install/_local_setup_util_sh.py'
[3.224s] INFO:colcon.colcon_core.shell:Creating prefix chain script '/home/th1rt3en/doco/dev_full/src/workspace/doco_ugv/install/setup.sh'
[3.225s] INFO:colcon.colcon_core.shell:Creating prefix script '/home/th1rt3en/doco/dev_full/src/workspace/doco_ugv/install/local_setup.bash'
[3.225s] INFO:colcon.colcon_core.shell:Creating prefix chain script '/home/th1rt3en/doco/dev_full/src/workspace/doco_ugv/install/setup.bash'
[3.226s] INFO:colcon.colcon_core.shell:Creating prefix script '/home/th1rt3en/doco/dev_full/src/workspace/doco_ugv/install/local_setup.zsh'
[3.226s] INFO:colcon.colcon_core.shell:Creating prefix chain script '/home/th1rt3en/doco/dev_full/src/workspace/doco_ugv/install/setup.zsh'
