[0.007s] Invoking command in '/home/th1rt3en/doco/dev_full/src/workspace/doco_ugv/build/ugv_base_driver': CMAKE_PREFIX_PATH=/opt/ros/humble /usr/bin/cmake /home/th1rt3en/doco/dev_full/src/workspace/doco_ugv/src/ugv_base_driver -DCMAKE_INSTALL_PREFIX=/home/th1rt3en/doco/dev_full/src/workspace/doco_ugv/install/ugv_base_driver
[0.050s] -- The C compiler identification is GNU 11.4.0
[0.095s] -- The CXX compiler identification is GNU 11.4.0
[0.100s] -- Detecting C compiler ABI info
[0.158s] -- Detecting C compiler ABI info - done
[0.164s] -- Check for working C compiler: /usr/bin/cc - skipped
[0.164s] -- Detecting C compile features
[0.164s] -- Detecting C compile features - done
[0.167s] -- Detecting CXX compiler ABI info
[0.238s] -- Detecting CXX compiler ABI info - done
[0.244s] -- Check for working CXX compiler: /usr/bin/c++ - skipped
[0.244s] -- Detecting CXX compile features
[0.244s] -- Detecting CXX compile features - done
[0.247s] -- Found ament_cmake: 1.3.13 (/opt/ros/humble/share/ament_cmake/cmake)
[0.360s] -- Found Python3: /usr/bin/python3 (found version "3.10.12") found components: Interpreter 
[0.434s] -- Found rclcpp: 16.0.18 (/opt/ros/humble/share/rclcpp/cmake)
[0.461s] -- Found rosidl_generator_c: 3.1.8 (/opt/ros/humble/share/rosidl_generator_c/cmake)
[0.464s] -- Found rosidl_adapter: 3.1.8 (/opt/ros/humble/share/rosidl_adapter/cmake)
[0.469s] -- Found rosidl_generator_cpp: 3.1.8 (/opt/ros/humble/share/rosidl_generator_cpp/cmake)
[0.475s] -- Using all available rosidl_typesupport_c: rosidl_typesupport_fastrtps_c;rosidl_typesupport_introspection_c
[0.486s] -- Using all available rosidl_typesupport_cpp: rosidl_typesupport_fastrtps_cpp;rosidl_typesupport_introspection_cpp
[0.513s] -- Found rmw_implementation_cmake: 6.1.2 (/opt/ros/humble/share/rmw_implementation_cmake/cmake)
[0.514s] -- Found rmw_fastrtps_cpp: 6.2.10 (/opt/ros/humble/share/rmw_fastrtps_cpp/cmake)
[0.591s] -- Found OpenSSL: /usr/lib/x86_64-linux-gnu/libcrypto.so (found version "3.0.2")  
[0.617s] -- Found FastRTPS: /opt/ros/humble/include  
[0.657s] -- Using RMW implementation 'rmw_fastrtps_cpp' as default
[0.662s] -- Looking for pthread.h
[0.730s] -- Looking for pthread.h - found
[0.730s] -- Performing Test CMAKE_HAVE_LIBC_PTHREAD
[0.799s] -- Performing Test CMAKE_HAVE_LIBC_PTHREAD - Success
[0.800s] -- Found Threads: TRUE  
[0.837s] -- Found geometry_msgs: 4.9.1 (/opt/ros/humble/share/geometry_msgs/cmake)
[0.847s] -- Found nav_msgs: 4.9.1 (/opt/ros/humble/share/nav_msgs/cmake)
[0.863s] -- Found sensor_msgs: 4.9.1 (/opt/ros/humble/share/sensor_msgs/cmake)
[0.881s] -- Found tf2: 0.25.19 (/opt/ros/humble/share/tf2/cmake)
[0.892s] -- Found tf2_geometry_msgs: 0.25.19 (/opt/ros/humble/share/tf2_geometry_msgs/cmake)
[0.906s] -- Found eigen3_cmake_module: 0.1.1 (/opt/ros/humble/share/eigen3_cmake_module/cmake)
[0.906s] -- Found Eigen3: TRUE (found version "3.4.0") 
[0.907s] -- Ensuring Eigen3 include directory is part of orocos-kdl CMake target
[0.974s] CMake Error at CMakeLists.txt:17 (find_package):
[0.974s]   By not providing "Findserial_driver.cmake" in CMAKE_MODULE_PATH this
[0.974s]   project has asked CMake to find a package configuration file provided by
[0.974s]   "serial_driver", but CMake did not find one.
[0.974s] 
[0.974s]   Could not find a package configuration file provided by "serial_driver"
[0.974s]   with any of the following names:
[0.974s] 
[0.974s]     serial_driverConfig.cmake
[0.974s]     serial_driver-config.cmake
[0.974s] 
[0.974s]   Add the installation prefix of "serial_driver" to CMAKE_PREFIX_PATH or set
[0.974s]   "serial_driver_DIR" to a directory containing one of the above files.  If
[0.974s]   "serial_driver" provides a separate development package or SDK, be sure it
[0.974s]   has been installed.
[0.974s] 
[0.974s] 
[0.974s] -- Configuring incomplete, errors occurred!
[0.974s] See also "/home/th1rt3en/doco/dev_full/src/workspace/doco_ugv/build/ugv_base_driver/CMakeFiles/CMakeOutput.log".
[0.985s] Invoked command in '/home/th1rt3en/doco/dev_full/src/workspace/doco_ugv/build/ugv_base_driver' returned '1': CMAKE_PREFIX_PATH=/opt/ros/humble /usr/bin/cmake /home/th1rt3en/doco/dev_full/src/workspace/doco_ugv/src/ugv_base_driver -DCMAKE_INSTALL_PREFIX=/home/th1rt3en/doco/dev_full/src/workspace/doco_ugv/install/ugv_base_driver
