/home/th1rt3en/doco/dev_full/src/workspace/doco_ugv/install/ugv_description/share/ament_index/resource_index/packages/ugv_description
/home/th1rt3en/doco/dev_full/src/workspace/doco_ugv/install/ugv_description/share/ugv_description/package.xml
/home/th1rt3en/doco/dev_full/src/workspace/doco_ugv/install/ugv_description/share/ugv_description/urdf/ugv_shared.xacro
/home/th1rt3en/doco/dev_full/src/workspace/doco_ugv/install/ugv_description/share/ugv_description/urdf/ugv.xacro
/home/th1rt3en/doco/dev_full/src/workspace/doco_ugv/install/ugv_description/share/ugv_description/urdf/ugv_sim.xacro
/home/th1rt3en/doco/dev_full/src/workspace/doco_ugv/install/ugv_description/share/ugv_description/urdf/sensors/camera.xacro
/home/th1rt3en/doco/dev_full/src/workspace/doco_ugv/install/ugv_description/share/ugv_description/urdf/sensors/lidar.xacro
/home/th1rt3en/doco/dev_full/src/workspace/doco_ugv/install/ugv_description/share/ugv_description/meshes/tag36h11-0.png
/home/th1rt3en/doco/dev_full/src/workspace/doco_ugv/install/ugv_description/share/ugv_description/meshes/depth_camera.stl
/home/th1rt3en/doco/dev_full/src/workspace/doco_ugv/install/ugv_description/share/ugv_description/meshes/tag36h11_plane.dae
/home/th1rt3en/doco/dev_full/src/workspace/doco_ugv/install/ugv_description/share/ugv_description/meshes/base_visual.stl
/home/th1rt3en/doco/dev_full/src/workspace/doco_ugv/install/ugv_description/share/ugv_description/meshes/mecanum_wheel_left.stl
/home/th1rt3en/doco/dev_full/src/workspace/doco_ugv/install/ugv_description/share/ugv_description/meshes/surface_visual.stl
/home/th1rt3en/doco/dev_full/src/workspace/doco_ugv/install/ugv_description/share/ugv_description/meshes/base_collision.stl
/home/th1rt3en/doco/dev_full/src/workspace/doco_ugv/install/ugv_description/share/ugv_description/meshes/mecanum_wheel_right.stl
/home/th1rt3en/doco/dev_full/src/workspace/doco_ugv/install/ugv_description/share/ugv_description/meshes/plane.dae
/home/th1rt3en/doco/dev_full/src/workspace/doco_ugv/install/ugv_description/share/ugv_description/meshes/wheel_shaft.stl
/home/th1rt3en/doco/dev_full/src/workspace/doco_ugv/install/ugv_description/lib/python3.10/site-packages/ugv_description-0.0.0-py3.10.egg-info/top_level.txt
/home/th1rt3en/doco/dev_full/src/workspace/doco_ugv/install/ugv_description/lib/python3.10/site-packages/ugv_description-0.0.0-py3.10.egg-info/PKG-INFO
/home/th1rt3en/doco/dev_full/src/workspace/doco_ugv/install/ugv_description/lib/python3.10/site-packages/ugv_description-0.0.0-py3.10.egg-info/zip-safe
/home/th1rt3en/doco/dev_full/src/workspace/doco_ugv/install/ugv_description/lib/python3.10/site-packages/ugv_description-0.0.0-py3.10.egg-info/requires.txt
/home/th1rt3en/doco/dev_full/src/workspace/doco_ugv/install/ugv_description/lib/python3.10/site-packages/ugv_description-0.0.0-py3.10.egg-info/SOURCES.txt
/home/th1rt3en/doco/dev_full/src/workspace/doco_ugv/install/ugv_description/lib/python3.10/site-packages/ugv_description-0.0.0-py3.10.egg-info/entry_points.txt
/home/th1rt3en/doco/dev_full/src/workspace/doco_ugv/install/ugv_description/lib/python3.10/site-packages/ugv_description-0.0.0-py3.10.egg-info/dependency_links.txt
